[2023-07-06 11:06:15] production.ERROR: No application encryption key has been specified. {"exception":"[object] (Illuminate\\Encryption\\MissingAppKeyException(code: 0): No application encryption key has been specified. at D:\\----- 1. Kuliah\\2. Bahan - bahan Kuliah\\✨ SEMESTER 4\\PEMROGRAMAN FRAMEWORK - IS-04-04\\Pertemuan 11\\modul-9\\MasterData_Storage\\vendor\\laravel\\framework\\src\\Illuminate\\Encryption\\EncryptionServiceProvider.php:79)
[stacktrace]
#0 D:\\----- 1. Kuliah\\2. Bahan - bahan Kuliah\\✨ SEMESTER 4\\PEMROGRAMAN FRAMEWORK - IS-04-04\\Pertemuan 11\\modul-9\\MasterData_Storage\\vendor\\laravel\\framework\\src\\Illuminate\\Support\\helpers.php(307): Illuminate\\Encryption\\EncryptionServiceProvider->Illuminate\\Encryption\\{closure}(NULL)
#1 D:\\----- 1. Kuliah\\2. Bahan - bahan Kuliah\\✨ SEMESTER 4\\PEMROGRAMAN FRAMEWORK - IS-04-04\\Pertemuan 11\\modul-9\\MasterData_Storage\\vendor\\laravel\\framework\\src\\Illuminate\\Encryption\\EncryptionServiceProvider.php(77): tap(NULL, Object(Closure))
#2 D:\\----- 1. Kuliah\\2. Bahan - bahan Kuliah\\✨ SEMESTER 4\\PEMROGRAMAN FRAMEWORK - IS-04-04\\Pertemuan 11\\modul-9\\MasterData_Storage\\vendor\\laravel\\framework\\src\\Illuminate\\Encryption\\EncryptionServiceProvider.php(60): Illuminate\\Encryption\\EncryptionServiceProvider->key(Array)
#3 D:\\----- 1. Kuliah\\2. Bahan - bahan Kuliah\\✨ SEMESTER 4\\PEMROGRAMAN FRAMEWORK - IS-04-04\\Pertemuan 11\\modul-9\\MasterData_Storage\\vendor\\laravel\\framework\\src\\Illuminate\\Encryption\\EncryptionServiceProvider.php(32): Illuminate\\Encryption\\EncryptionServiceProvider->parseKey(Array)
#4 D:\\----- 1. Kuliah\\2. Bahan - bahan Kuliah\\✨ SEMESTER 4\\PEMROGRAMAN FRAMEWORK - IS-04-04\\Pertemuan 11\\modul-9\\MasterData_Storage\\vendor\\laravel\\framework\\src\\Illuminate\\Container\\Container.php(910): Illuminate\\Encryption\\EncryptionServiceProvider->Illuminate\\Encryption\\{closure}(Object(Illuminate\\Foundation\\Application), Array)
#5 D:\\----- 1. Kuliah\\2. Bahan - bahan Kuliah\\✨ SEMESTER 4\\PEMROGRAMAN FRAMEWORK - IS-04-04\\Pertemuan 11\\modul-9\\MasterData_Storage\\vendor\\laravel\\framework\\src\\Illuminate\\Container\\Container.php(795): Illuminate\\Container\\Container->build(Object(Closure))
#6 D:\\----- 1. Kuliah\\2. Bahan - bahan Kuliah\\✨ SEMESTER 4\\PEMROGRAMAN FRAMEWORK - IS-04-04\\Pertemuan 11\\modul-9\\MasterData_Storage\\vendor\\laravel\\framework\\src\\Illuminate\\Foundation\\Application.php(933): Illuminate\\Container\\Container->resolve('encrypter', Array, true)
#7 D:\\----- 1. Kuliah\\2. Bahan - bahan Kuliah\\✨ SEMESTER 4\\PEMROGRAMAN FRAMEWORK - IS-04-04\\Pertemuan 11\\modul-9\\MasterData_Storage\\vendor\\laravel\\framework\\src\\Illuminate\\Container\\Container.php(731): Illuminate\\Foundation\\Application->resolve('encrypter', Array)
#8 D:\\----- 1. Kuliah\\2. Bahan - bahan Kuliah\\✨ SEMESTER 4\\PEMROGRAMAN FRAMEWORK - IS-04-04\\Pertemuan 11\\modul-9\\MasterData_Storage\\vendor\\laravel\\framework\\src\\Illuminate\\Foundation\\Application.php(918): Illuminate\\Container\\Container->make('encrypter', Array)
#9 D:\\----- 1. Kuliah\\2. Bahan - bahan Kuliah\\✨ SEMESTER 4\\PEMROGRAMAN FRAMEWORK - IS-04-04\\Pertemuan 11\\modul-9\\MasterData_Storage\\vendor\\laravel\\framework\\src\\Illuminate\\Container\\Container.php(1068): Illuminate\\Foundation\\Application->make('encrypter')
#10 D:\\----- 1. Kuliah\\2. Bahan - bahan Kuliah\\✨ SEMESTER 4\\PEMROGRAMAN FRAMEWORK - IS-04-04\\Pertemuan 11\\modul-9\\MasterData_Storage\\vendor\\laravel\\framework\\src\\Illuminate\\Container\\Container.php(984): Illuminate\\Container\\Container->resolveClass(Object(ReflectionParameter))
#11 D:\\----- 1. Kuliah\\2. Bahan - bahan Kuliah\\✨ SEMESTER 4\\PEMROGRAMAN FRAMEWORK - IS-04-04\\Pertemuan 11\\modul-9\\MasterData_Storage\\vendor\\laravel\\framework\\src\\Illuminate\\Container\\Container.php(945): Illuminate\\Container\\Container->resolveDependencies(Array)
#12 D:\\----- 1. Kuliah\\2. Bahan - bahan Kuliah\\✨ SEMESTER 4\\PEMROGRAMAN FRAMEWORK - IS-04-04\\Pertemuan 11\\modul-9\\MasterData_Storage\\vendor\\laravel\\framework\\src\\Illuminate\\Container\\Container.php(795): Illuminate\\Container\\Container->build('App\\\\Http\\\\Middle...')
#13 D:\\----- 1. Kuliah\\2. Bahan - bahan Kuliah\\✨ SEMESTER 4\\PEMROGRAMAN FRAMEWORK - IS-04-04\\Pertemuan 11\\modul-9\\MasterData_Storage\\vendor\\laravel\\framework\\src\\Illuminate\\Foundation\\Application.php(933): Illuminate\\Container\\Container->resolve('App\\\\Http\\\\Middle...', Array, true)
#14 D:\\----- 1. Kuliah\\2. Bahan - bahan Kuliah\\✨ SEMESTER 4\\PEMROGRAMAN FRAMEWORK - IS-04-04\\Pertemuan 11\\modul-9\\MasterData_Storage\\vendor\\laravel\\framework\\src\\Illuminate\\Container\\Container.php(731): Illuminate\\Foundation\\Application->resolve('App\\\\Http\\\\Middle...', Array)
#15 D:\\----- 1. Kuliah\\2. Bahan - bahan Kuliah\\✨ SEMESTER 4\\PEMROGRAMAN FRAMEWORK - IS-04-04\\Pertemuan 11\\modul-9\\MasterData_Storage\\vendor\\laravel\\framework\\src\\Illuminate\\Foundation\\Application.php(918): Illuminate\\Container\\Container->make('App\\\\Http\\\\Middle...', Array)
#16 D:\\----- 1. Kuliah\\2. Bahan - bahan Kuliah\\✨ SEMESTER 4\\PEMROGRAMAN FRAMEWORK - IS-04-04\\Pertemuan 11\\modul-9\\MasterData_Storage\\vendor\\laravel\\framework\\src\\Illuminate\\Pipeline\\Pipeline.php(169): Illuminate\\Foundation\\Application->make('App\\\\Http\\\\Middle...')
#17 D:\\----- 1. Kuliah\\2. Bahan - bahan Kuliah\\✨ SEMESTER 4\\PEMROGRAMAN FRAMEWORK - IS-04-04\\Pertemuan 11\\modul-9\\MasterData_Storage\\vendor\\laravel\\framework\\src\\Illuminate\\Pipeline\\Pipeline.php(116): Illuminate\\Pipeline\\Pipeline->Illuminate\\Pipeline\\{closure}(Object(Illuminate\\Http\\Request))
#18 D:\\----- 1. Kuliah\\2. Bahan - bahan Kuliah\\✨ SEMESTER 4\\PEMROGRAMAN FRAMEWORK - IS-04-04\\Pertemuan 11\\modul-9\\MasterData_Storage\\vendor\\laravel\\framework\\src\\Illuminate\\Routing\\Router.php(797): Illuminate\\Pipeline\\Pipeline->then(Object(Closure))
#19 D:\\----- 1. Kuliah\\2. Bahan - bahan Kuliah\\✨ SEMESTER 4\\PEMROGRAMAN FRAMEWORK - IS-04-04\\Pertemuan 11\\modul-9\\MasterData_Storage\\vendor\\laravel\\framework\\src\\Illuminate\\Routing\\Router.php(776): Illuminate\\Routing\\Router->runRouteWithinStack(Object(Illuminate\\Routing\\Route), Object(Illuminate\\Http\\Request))
#20 D:\\----- 1. Kuliah\\2. Bahan - bahan Kuliah\\✨ SEMESTER 4\\PEMROGRAMAN FRAMEWORK - IS-04-04\\Pertemuan 11\\modul-9\\MasterData_Storage\\vendor\\laravel\\framework\\src\\Illuminate\\Routing\\Router.php(740): Illuminate\\Routing\\Router->runRoute(Object(Illuminate\\Http\\Request), Object(Illuminate\\Routing\\Route))
#21 D:\\----- 1. Kuliah\\2. Bahan - bahan Kuliah\\✨ SEMESTER 4\\PEMROGRAMAN FRAMEWORK - IS-04-04\\Pertemuan 11\\modul-9\\MasterData_Storage\\vendor\\laravel\\framework\\src\\Illuminate\\Routing\\Router.php(729): Illuminate\\Routing\\Router->dispatchToRoute(Object(Illuminate\\Http\\Request))
#22 D:\\----- 1. Kuliah\\2. Bahan - bahan Kuliah\\✨ SEMESTER 4\\PEMROGRAMAN FRAMEWORK - IS-04-04\\Pertemuan 11\\modul-9\\MasterData_Storage\\vendor\\laravel\\framework\\src\\Illuminate\\Foundation\\Http\\Kernel.php(200): Illuminate\\Routing\\Router->dispatch(Object(Illuminate\\Http\\Request))
#23 D:\\----- 1. Kuliah\\2. Bahan - bahan Kuliah\\✨ SEMESTER 4\\PEMROGRAMAN FRAMEWORK - IS-04-04\\Pertemuan 11\\modul-9\\MasterData_Storage\\vendor\\laravel\\framework\\src\\Illuminate\\Pipeline\\Pipeline.php(141): Illuminate\\Foundation\\Http\\Kernel->Illuminate\\Foundation\\Http\\{closure}(Object(Illuminate\\Http\\Request))
#24 D:\\----- 1. Kuliah\\2. Bahan - bahan Kuliah\\✨ SEMESTER 4\\PEMROGRAMAN FRAMEWORK - IS-04-04\\Pertemuan 11\\modul-9\\MasterData_Storage\\vendor\\laravel\\framework\\src\\Illuminate\\Foundation\\Http\\Middleware\\TransformsRequest.php(21): Illuminate\\Pipeline\\Pipeline->Illuminate\\Pipeline\\{closure}(Object(Illuminate\\Http\\Request))
#25 D:\\----- 1. Kuliah\\2. Bahan - bahan Kuliah\\✨ SEMESTER 4\\PEMROGRAMAN FRAMEWORK - IS-04-04\\Pertemuan 11\\modul-9\\MasterData_Storage\\vendor\\laravel\\framework\\src\\Illuminate\\Foundation\\Http\\Middleware\\ConvertEmptyStringsToNull.php(31): Illuminate\\Foundation\\Http\\Middleware\\TransformsRequest->handle(Object(Illuminate\\Http\\Request), Object(Closure))
#26 D:\\----- 1. Kuliah\\2. Bahan - bahan Kuliah\\✨ SEMESTER 4\\PEMROGRAMAN FRAMEWORK - IS-04-04\\Pertemuan 11\\modul-9\\MasterData_Storage\\vendor\\laravel\\framework\\src\\Illuminate\\Pipeline\\Pipeline.php(180): Illuminate\\Foundation\\Http\\Middleware\\ConvertEmptyStringsToNull->handle(Object(Illuminate\\Http\\Request), Object(Closure))
#27 D:\\----- 1. Kuliah\\2. Bahan - bahan Kuliah\\✨ SEMESTER 4\\PEMROGRAMAN FRAMEWORK - IS-04-04\\Pertemuan 11\\modul-9\\MasterData_Storage\\vendor\\laravel\\framework\\src\\Illuminate\\Foundation\\Http\\Middleware\\TransformsRequest.php(21): Illuminate\\Pipeline\\Pipeline->Illuminate\\Pipeline\\{closure}(Object(Illuminate\\Http\\Request))
#28 D:\\----- 1. Kuliah\\2. Bahan - bahan Kuliah\\✨ SEMESTER 4\\PEMROGRAMAN FRAMEWORK - IS-04-04\\Pertemuan 11\\modul-9\\MasterData_Storage\\vendor\\laravel\\framework\\src\\Illuminate\\Foundation\\Http\\Middleware\\TrimStrings.php(40): Illuminate\\Foundation\\Http\\Middleware\\TransformsRequest->handle(Object(Illuminate\\Http\\Request), Object(Closure))
#29 D:\\----- 1. Kuliah\\2. Bahan - bahan Kuliah\\✨ SEMESTER 4\\PEMROGRAMAN FRAMEWORK - IS-04-04\\Pertemuan 11\\modul-9\\MasterData_Storage\\vendor\\laravel\\framework\\src\\Illuminate\\Pipeline\\Pipeline.php(180): Illuminate\\Foundation\\Http\\Middleware\\TrimStrings->handle(Object(Illuminate\\Http\\Request), Object(Closure))
#30 D:\\----- 1. Kuliah\\2. Bahan - bahan Kuliah\\✨ SEMESTER 4\\PEMROGRAMAN FRAMEWORK - IS-04-04\\Pertemuan 11\\modul-9\\MasterData_Storage\\vendor\\laravel\\framework\\src\\Illuminate\\Foundation\\Http\\Middleware\\ValidatePostSize.php(27): Illuminate\\Pipeline\\Pipeline->Illuminate\\Pipeline\\{closure}(Object(Illuminate\\Http\\Request))
#31 D:\\----- 1. Kuliah\\2. Bahan - bahan Kuliah\\✨ SEMESTER 4\\PEMROGRAMAN FRAMEWORK - IS-04-04\\Pertemuan 11\\modul-9\\MasterData_Storage\\vendor\\laravel\\framework\\src\\Illuminate\\Pipeline\\Pipeline.php(180): Illuminate\\Foundation\\Http\\Middleware\\ValidatePostSize->handle(Object(Illuminate\\Http\\Request), Object(Closure))
#32 D:\\----- 1. Kuliah\\2. Bahan - bahan Kuliah\\✨ SEMESTER 4\\PEMROGRAMAN FRAMEWORK - IS-04-04\\Pertemuan 11\\modul-9\\MasterData_Storage\\vendor\\laravel\\framework\\src\\Illuminate\\Foundation\\Http\\Middleware\\PreventRequestsDuringMaintenance.php(86): Illuminate\\Pipeline\\Pipeline->Illuminate\\Pipeline\\{closure}(Object(Illuminate\\Http\\Request))
#33 D:\\----- 1. Kuliah\\2. Bahan - bahan Kuliah\\✨ SEMESTER 4\\PEMROGRAMAN FRAMEWORK - IS-04-04\\Pertemuan 11\\modul-9\\MasterData_Storage\\vendor\\laravel\\framework\\src\\Illuminate\\Pipeline\\Pipeline.php(180): Illuminate\\Foundation\\Http\\Middleware\\PreventRequestsDuringMaintenance->handle(Object(Illuminate\\Http\\Request), Object(Closure))
#34 D:\\----- 1. Kuliah\\2. Bahan - bahan Kuliah\\✨ SEMESTER 4\\PEMROGRAMAN FRAMEWORK - IS-04-04\\Pertemuan 11\\modul-9\\MasterData_Storage\\vendor\\laravel\\framework\\src\\Illuminate\\Http\\Middleware\\HandleCors.php(49): Illuminate\\Pipeline\\Pipeline->Illuminate\\Pipeline\\{closure}(Object(Illuminate\\Http\\Request))
#35 D:\\----- 1. Kuliah\\2. Bahan - bahan Kuliah\\✨ SEMESTER 4\\PEMROGRAMAN FRAMEWORK - IS-04-04\\Pertemuan 11\\modul-9\\MasterData_Storage\\vendor\\laravel\\framework\\src\\Illuminate\\Pipeline\\Pipeline.php(180): Illuminate\\Http\\Middleware\\HandleCors->handle(Object(Illuminate\\Http\\Request), Object(Closure))
#36 D:\\----- 1. Kuliah\\2. Bahan - bahan Kuliah\\✨ SEMESTER 4\\PEMROGRAMAN FRAMEWORK - IS-04-04\\Pertemuan 11\\modul-9\\MasterData_Storage\\vendor\\laravel\\framework\\src\\Illuminate\\Http\\Middleware\\TrustProxies.php(39): Illuminate\\Pipeline\\Pipeline->Illuminate\\Pipeline\\{closure}(Object(Illuminate\\Http\\Request))
#37 D:\\----- 1. Kuliah\\2. Bahan - bahan Kuliah\\✨ SEMESTER 4\\PEMROGRAMAN FRAMEWORK - IS-04-04\\Pertemuan 11\\modul-9\\MasterData_Storage\\vendor\\laravel\\framework\\src\\Illuminate\\Pipeline\\Pipeline.php(180): Illuminate\\Http\\Middleware\\TrustProxies->handle(Object(Illuminate\\Http\\Request), Object(Closure))
#38 D:\\----- 1. Kuliah\\2. Bahan - bahan Kuliah\\✨ SEMESTER 4\\PEMROGRAMAN FRAMEWORK - IS-04-04\\Pertemuan 11\\modul-9\\MasterData_Storage\\vendor\\laravel\\framework\\src\\Illuminate\\Pipeline\\Pipeline.php(116): Illuminate\\Pipeline\\Pipeline->Illuminate\\Pipeline\\{closure}(Object(Illuminate\\Http\\Request))
#39 D:\\----- 1. Kuliah\\2. Bahan - bahan Kuliah\\✨ SEMESTER 4\\PEMROGRAMAN FRAMEWORK - IS-04-04\\Pertemuan 11\\modul-9\\MasterData_Storage\\vendor\\laravel\\framework\\src\\Illuminate\\Foundation\\Http\\Kernel.php(175): Illuminate\\Pipeline\\Pipeline->then(Object(Closure))
#40 D:\\----- 1. Kuliah\\2. Bahan - bahan Kuliah\\✨ SEMESTER 4\\PEMROGRAMAN FRAMEWORK - IS-04-04\\Pertemuan 11\\modul-9\\MasterData_Storage\\vendor\\laravel\\framework\\src\\Illuminate\\Foundation\\Http\\Kernel.php(144): Illuminate\\Foundation\\Http\\Kernel->sendRequestThroughRouter(Object(Illuminate\\Http\\Request))
#41 D:\\----- 1. Kuliah\\2. Bahan - bahan Kuliah\\✨ SEMESTER 4\\PEMROGRAMAN FRAMEWORK - IS-04-04\\Pertemuan 11\\modul-9\\MasterData_Storage\\public\\index.php(51): Illuminate\\Foundation\\Http\\Kernel->handle(Object(Illuminate\\Http\\Request))
#42 D:\\----- 1. Kuliah\\2. Bahan - bahan Kuliah\\✨ SEMESTER 4\\PEMROGRAMAN FRAMEWORK - IS-04-04\\Pertemuan 11\\modul-9\\MasterData_Storage\\vendor\\laravel\\framework\\src\\Illuminate\\Foundation\\resources\\server.php(16): require_once('D:\\\\----- 1. Kul...')
#43 {main}
"} 
[2023-07-06 11:06:15] production.ERROR: No application encryption key has been specified. {"exception":"[object] (Illuminate\\Encryption\\MissingAppKeyException(code: 0): No application encryption key has been specified. at D:\\----- 1. Kuliah\\2. Bahan - bahan Kuliah\\✨ SEMESTER 4\\PEMROGRAMAN FRAMEWORK - IS-04-04\\Pertemuan 11\\modul-9\\MasterData_Storage\\vendor\\laravel\\framework\\src\\Illuminate\\Encryption\\EncryptionServiceProvider.php:79)
[stacktrace]
#0 D:\\----- 1. Kuliah\\2. Bahan - bahan Kuliah\\✨ SEMESTER 4\\PEMROGRAMAN FRAMEWORK - IS-04-04\\Pertemuan 11\\modul-9\\MasterData_Storage\\vendor\\laravel\\framework\\src\\Illuminate\\Support\\helpers.php(307): Illuminate\\Encryption\\EncryptionServiceProvider->Illuminate\\Encryption\\{closure}(NULL)
#1 D:\\----- 1. Kuliah\\2. Bahan - bahan Kuliah\\✨ SEMESTER 4\\PEMROGRAMAN FRAMEWORK - IS-04-04\\Pertemuan 11\\modul-9\\MasterData_Storage\\vendor\\laravel\\framework\\src\\Illuminate\\Encryption\\EncryptionServiceProvider.php(77): tap(NULL, Object(Closure))
#2 D:\\----- 1. Kuliah\\2. Bahan - bahan Kuliah\\✨ SEMESTER 4\\PEMROGRAMAN FRAMEWORK - IS-04-04\\Pertemuan 11\\modul-9\\MasterData_Storage\\vendor\\laravel\\framework\\src\\Illuminate\\Encryption\\EncryptionServiceProvider.php(60): Illuminate\\Encryption\\EncryptionServiceProvider->key(Array)
#3 D:\\----- 1. Kuliah\\2. Bahan - bahan Kuliah\\✨ SEMESTER 4\\PEMROGRAMAN FRAMEWORK - IS-04-04\\Pertemuan 11\\modul-9\\MasterData_Storage\\vendor\\laravel\\framework\\src\\Illuminate\\Encryption\\EncryptionServiceProvider.php(32): Illuminate\\Encryption\\EncryptionServiceProvider->parseKey(Array)
#4 D:\\----- 1. Kuliah\\2. Bahan - bahan Kuliah\\✨ SEMESTER 4\\PEMROGRAMAN FRAMEWORK - IS-04-04\\Pertemuan 11\\modul-9\\MasterData_Storage\\vendor\\laravel\\framework\\src\\Illuminate\\Container\\Container.php(910): Illuminate\\Encryption\\EncryptionServiceProvider->Illuminate\\Encryption\\{closure}(Object(Illuminate\\Foundation\\Application), Array)
#5 D:\\----- 1. Kuliah\\2. Bahan - bahan Kuliah\\✨ SEMESTER 4\\PEMROGRAMAN FRAMEWORK - IS-04-04\\Pertemuan 11\\modul-9\\MasterData_Storage\\vendor\\laravel\\framework\\src\\Illuminate\\Container\\Container.php(795): Illuminate\\Container\\Container->build(Object(Closure))
#6 D:\\----- 1. Kuliah\\2. Bahan - bahan Kuliah\\✨ SEMESTER 4\\PEMROGRAMAN FRAMEWORK - IS-04-04\\Pertemuan 11\\modul-9\\MasterData_Storage\\vendor\\laravel\\framework\\src\\Illuminate\\Foundation\\Application.php(933): Illuminate\\Container\\Container->resolve('encrypter', Array, true)
#7 D:\\----- 1. Kuliah\\2. Bahan - bahan Kuliah\\✨ SEMESTER 4\\PEMROGRAMAN FRAMEWORK - IS-04-04\\Pertemuan 11\\modul-9\\MasterData_Storage\\vendor\\laravel\\framework\\src\\Illuminate\\Container\\Container.php(731): Illuminate\\Foundation\\Application->resolve('encrypter', Array)
#8 D:\\----- 1. Kuliah\\2. Bahan - bahan Kuliah\\✨ SEMESTER 4\\PEMROGRAMAN FRAMEWORK - IS-04-04\\Pertemuan 11\\modul-9\\MasterData_Storage\\vendor\\laravel\\framework\\src\\Illuminate\\Foundation\\Application.php(918): Illuminate\\Container\\Container->make('encrypter', Array)
#9 D:\\----- 1. Kuliah\\2. Bahan - bahan Kuliah\\✨ SEMESTER 4\\PEMROGRAMAN FRAMEWORK - IS-04-04\\Pertemuan 11\\modul-9\\MasterData_Storage\\vendor\\laravel\\framework\\src\\Illuminate\\Container\\Container.php(1068): Illuminate\\Foundation\\Application->make('encrypter')
#10 D:\\----- 1. Kuliah\\2. Bahan - bahan Kuliah\\✨ SEMESTER 4\\PEMROGRAMAN FRAMEWORK - IS-04-04\\Pertemuan 11\\modul-9\\MasterData_Storage\\vendor\\laravel\\framework\\src\\Illuminate\\Container\\Container.php(984): Illuminate\\Container\\Container->resolveClass(Object(ReflectionParameter))
#11 D:\\----- 1. Kuliah\\2. Bahan - bahan Kuliah\\✨ SEMESTER 4\\PEMROGRAMAN FRAMEWORK - IS-04-04\\Pertemuan 11\\modul-9\\MasterData_Storage\\vendor\\laravel\\framework\\src\\Illuminate\\Container\\Container.php(945): Illuminate\\Container\\Container->resolveDependencies(Array)
#12 D:\\----- 1. Kuliah\\2. Bahan - bahan Kuliah\\✨ SEMESTER 4\\PEMROGRAMAN FRAMEWORK - IS-04-04\\Pertemuan 11\\modul-9\\MasterData_Storage\\vendor\\laravel\\framework\\src\\Illuminate\\Container\\Container.php(795): Illuminate\\Container\\Container->build('App\\\\Http\\\\Middle...')
#13 D:\\----- 1. Kuliah\\2. Bahan - bahan Kuliah\\✨ SEMESTER 4\\PEMROGRAMAN FRAMEWORK - IS-04-04\\Pertemuan 11\\modul-9\\MasterData_Storage\\vendor\\laravel\\framework\\src\\Illuminate\\Foundation\\Application.php(933): Illuminate\\Container\\Container->resolve('App\\\\Http\\\\Middle...', Array, true)
#14 D:\\----- 1. Kuliah\\2. Bahan - bahan Kuliah\\✨ SEMESTER 4\\PEMROGRAMAN FRAMEWORK - IS-04-04\\Pertemuan 11\\modul-9\\MasterData_Storage\\vendor\\laravel\\framework\\src\\Illuminate\\Container\\Container.php(731): Illuminate\\Foundation\\Application->resolve('App\\\\Http\\\\Middle...', Array)
#15 D:\\----- 1. Kuliah\\2. Bahan - bahan Kuliah\\✨ SEMESTER 4\\PEMROGRAMAN FRAMEWORK - IS-04-04\\Pertemuan 11\\modul-9\\MasterData_Storage\\vendor\\laravel\\framework\\src\\Illuminate\\Foundation\\Application.php(918): Illuminate\\Container\\Container->make('App\\\\Http\\\\Middle...', Array)
#16 D:\\----- 1. Kuliah\\2. Bahan - bahan Kuliah\\✨ SEMESTER 4\\PEMROGRAMAN FRAMEWORK - IS-04-04\\Pertemuan 11\\modul-9\\MasterData_Storage\\vendor\\laravel\\framework\\src\\Illuminate\\Foundation\\Http\\Kernel.php(249): Illuminate\\Foundation\\Application->make('App\\\\Http\\\\Middle...')
#17 D:\\----- 1. Kuliah\\2. Bahan - bahan Kuliah\\✨ SEMESTER 4\\PEMROGRAMAN FRAMEWORK - IS-04-04\\Pertemuan 11\\modul-9\\MasterData_Storage\\vendor\\laravel\\framework\\src\\Illuminate\\Foundation\\Http\\Kernel.php(213): Illuminate\\Foundation\\Http\\Kernel->terminateMiddleware(Object(Illuminate\\Http\\Request), Object(Illuminate\\Http\\Response))
#18 D:\\----- 1. Kuliah\\2. Bahan - bahan Kuliah\\✨ SEMESTER 4\\PEMROGRAMAN FRAMEWORK - IS-04-04\\Pertemuan 11\\modul-9\\MasterData_Storage\\public\\index.php(55): Illuminate\\Foundation\\Http\\Kernel->terminate(Object(Illuminate\\Http\\Request), Object(Illuminate\\Http\\Response))
#19 D:\\----- 1. Kuliah\\2. Bahan - bahan Kuliah\\✨ SEMESTER 4\\PEMROGRAMAN FRAMEWORK - IS-04-04\\Pertemuan 11\\modul-9\\MasterData_Storage\\vendor\\laravel\\framework\\src\\Illuminate\\Foundation\\resources\\server.php(16): require_once('D:\\\\----- 1. Kul...')
#20 {main}
"} 
[2023-07-06 11:06:39] local.ERROR: No application encryption key has been specified. {"exception":"[object] (Illuminate\\Encryption\\MissingAppKeyException(code: 0): No application encryption key has been specified. at D:\\----- 1. Kuliah\\2. Bahan - bahan Kuliah\\✨ SEMESTER 4\\PEMROGRAMAN FRAMEWORK - IS-04-04\\Pertemuan 11\\modul-9\\MasterData_Storage\\vendor\\laravel\\framework\\src\\Illuminate\\Encryption\\EncryptionServiceProvider.php:79)
[stacktrace]
#0 D:\\----- 1. Kuliah\\2. Bahan - bahan Kuliah\\✨ SEMESTER 4\\PEMROGRAMAN FRAMEWORK - IS-04-04\\Pertemuan 11\\modul-9\\MasterData_Storage\\vendor\\laravel\\framework\\src\\Illuminate\\Support\\helpers.php(307): Illuminate\\Encryption\\EncryptionServiceProvider->Illuminate\\Encryption\\{closure}('')
#1 D:\\----- 1. Kuliah\\2. Bahan - bahan Kuliah\\✨ SEMESTER 4\\PEMROGRAMAN FRAMEWORK - IS-04-04\\Pertemuan 11\\modul-9\\MasterData_Storage\\vendor\\laravel\\framework\\src\\Illuminate\\Encryption\\EncryptionServiceProvider.php(77): tap('', Object(Closure))
#2 D:\\----- 1. Kuliah\\2. Bahan - bahan Kuliah\\✨ SEMESTER 4\\PEMROGRAMAN FRAMEWORK - IS-04-04\\Pertemuan 11\\modul-9\\MasterData_Storage\\vendor\\laravel\\framework\\src\\Illuminate\\Encryption\\EncryptionServiceProvider.php(60): Illuminate\\Encryption\\EncryptionServiceProvider->key(Array)
#3 D:\\----- 1. Kuliah\\2. Bahan - bahan Kuliah\\✨ SEMESTER 4\\PEMROGRAMAN FRAMEWORK - IS-04-04\\Pertemuan 11\\modul-9\\MasterData_Storage\\vendor\\laravel\\framework\\src\\Illuminate\\Encryption\\EncryptionServiceProvider.php(32): Illuminate\\Encryption\\EncryptionServiceProvider->parseKey(Array)
#4 D:\\----- 1. Kuliah\\2. Bahan - bahan Kuliah\\✨ SEMESTER 4\\PEMROGRAMAN FRAMEWORK - IS-04-04\\Pertemuan 11\\modul-9\\MasterData_Storage\\vendor\\laravel\\framework\\src\\Illuminate\\Container\\Container.php(910): Illuminate\\Encryption\\EncryptionServiceProvider->Illuminate\\Encryption\\{closure}(Object(Illuminate\\Foundation\\Application), Array)
#5 D:\\----- 1. Kuliah\\2. Bahan - bahan Kuliah\\✨ SEMESTER 4\\PEMROGRAMAN FRAMEWORK - IS-04-04\\Pertemuan 11\\modul-9\\MasterData_Storage\\vendor\\laravel\\framework\\src\\Illuminate\\Container\\Container.php(795): Illuminate\\Container\\Container->build(Object(Closure))
#6 D:\\----- 1. Kuliah\\2. Bahan - bahan Kuliah\\✨ SEMESTER 4\\PEMROGRAMAN FRAMEWORK - IS-04-04\\Pertemuan 11\\modul-9\\MasterData_Storage\\vendor\\laravel\\framework\\src\\Illuminate\\Foundation\\Application.php(933): Illuminate\\Container\\Container->resolve('encrypter', Array, true)
#7 D:\\----- 1. Kuliah\\2. Bahan - bahan Kuliah\\✨ SEMESTER 4\\PEMROGRAMAN FRAMEWORK - IS-04-04\\Pertemuan 11\\modul-9\\MasterData_Storage\\vendor\\laravel\\framework\\src\\Illuminate\\Container\\Container.php(731): Illuminate\\Foundation\\Application->resolve('encrypter', Array)
#8 D:\\----- 1. Kuliah\\2. Bahan - bahan Kuliah\\✨ SEMESTER 4\\PEMROGRAMAN FRAMEWORK - IS-04-04\\Pertemuan 11\\modul-9\\MasterData_Storage\\vendor\\laravel\\framework\\src\\Illuminate\\Foundation\\Application.php(918): Illuminate\\Container\\Container->make('encrypter', Array)
#9 D:\\----- 1. Kuliah\\2. Bahan - bahan Kuliah\\✨ SEMESTER 4\\PEMROGRAMAN FRAMEWORK - IS-04-04\\Pertemuan 11\\modul-9\\MasterData_Storage\\vendor\\laravel\\framework\\src\\Illuminate\\Container\\Container.php(1068): Illuminate\\Foundation\\Application->make('encrypter')
#10 D:\\----- 1. Kuliah\\2. Bahan - bahan Kuliah\\✨ SEMESTER 4\\PEMROGRAMAN FRAMEWORK - IS-04-04\\Pertemuan 11\\modul-9\\MasterData_Storage\\vendor\\laravel\\framework\\src\\Illuminate\\Container\\Container.php(984): Illuminate\\Container\\Container->resolveClass(Object(ReflectionParameter))
#11 D:\\----- 1. Kuliah\\2. Bahan - bahan Kuliah\\✨ SEMESTER 4\\PEMROGRAMAN FRAMEWORK - IS-04-04\\Pertemuan 11\\modul-9\\MasterData_Storage\\vendor\\laravel\\framework\\src\\Illuminate\\Container\\Container.php(945): Illuminate\\Container\\Container->resolveDependencies(Array)
#12 D:\\----- 1. Kuliah\\2. Bahan - bahan Kuliah\\✨ SEMESTER 4\\PEMROGRAMAN FRAMEWORK - IS-04-04\\Pertemuan 11\\modul-9\\MasterData_Storage\\vendor\\laravel\\framework\\src\\Illuminate\\Container\\Container.php(795): Illuminate\\Container\\Container->build('App\\\\Http\\\\Middle...')
#13 D:\\----- 1. Kuliah\\2. Bahan - bahan Kuliah\\✨ SEMESTER 4\\PEMROGRAMAN FRAMEWORK - IS-04-04\\Pertemuan 11\\modul-9\\MasterData_Storage\\vendor\\laravel\\framework\\src\\Illuminate\\Foundation\\Application.php(933): Illuminate\\Container\\Container->resolve('App\\\\Http\\\\Middle...', Array, true)
#14 D:\\----- 1. Kuliah\\2. Bahan - bahan Kuliah\\✨ SEMESTER 4\\PEMROGRAMAN FRAMEWORK - IS-04-04\\Pertemuan 11\\modul-9\\MasterData_Storage\\vendor\\laravel\\framework\\src\\Illuminate\\Container\\Container.php(731): Illuminate\\Foundation\\Application->resolve('App\\\\Http\\\\Middle...', Array)
#15 D:\\----- 1. Kuliah\\2. Bahan - bahan Kuliah\\✨ SEMESTER 4\\PEMROGRAMAN FRAMEWORK - IS-04-04\\Pertemuan 11\\modul-9\\MasterData_Storage\\vendor\\laravel\\framework\\src\\Illuminate\\Foundation\\Application.php(918): Illuminate\\Container\\Container->make('App\\\\Http\\\\Middle...', Array)
#16 D:\\----- 1. Kuliah\\2. Bahan - bahan Kuliah\\✨ SEMESTER 4\\PEMROGRAMAN FRAMEWORK - IS-04-04\\Pertemuan 11\\modul-9\\MasterData_Storage\\vendor\\laravel\\framework\\src\\Illuminate\\Pipeline\\Pipeline.php(169): Illuminate\\Foundation\\Application->make('App\\\\Http\\\\Middle...')
#17 D:\\----- 1. Kuliah\\2. Bahan - bahan Kuliah\\✨ SEMESTER 4\\PEMROGRAMAN FRAMEWORK - IS-04-04\\Pertemuan 11\\modul-9\\MasterData_Storage\\vendor\\laravel\\framework\\src\\Illuminate\\Pipeline\\Pipeline.php(116): Illuminate\\Pipeline\\Pipeline->Illuminate\\Pipeline\\{closure}(Object(Illuminate\\Http\\Request))
#18 D:\\----- 1. Kuliah\\2. Bahan - bahan Kuliah\\✨ SEMESTER 4\\PEMROGRAMAN FRAMEWORK - IS-04-04\\Pertemuan 11\\modul-9\\MasterData_Storage\\vendor\\laravel\\framework\\src\\Illuminate\\Routing\\Router.php(797): Illuminate\\Pipeline\\Pipeline->then(Object(Closure))
#19 D:\\----- 1. Kuliah\\2. Bahan - bahan Kuliah\\✨ SEMESTER 4\\PEMROGRAMAN FRAMEWORK - IS-04-04\\Pertemuan 11\\modul-9\\MasterData_Storage\\vendor\\laravel\\framework\\src\\Illuminate\\Routing\\Router.php(776): Illuminate\\Routing\\Router->runRouteWithinStack(Object(Illuminate\\Routing\\Route), Object(Illuminate\\Http\\Request))
#20 D:\\----- 1. Kuliah\\2. Bahan - bahan Kuliah\\✨ SEMESTER 4\\PEMROGRAMAN FRAMEWORK - IS-04-04\\Pertemuan 11\\modul-9\\MasterData_Storage\\vendor\\laravel\\framework\\src\\Illuminate\\Routing\\Router.php(740): Illuminate\\Routing\\Router->runRoute(Object(Illuminate\\Http\\Request), Object(Illuminate\\Routing\\Route))
#21 D:\\----- 1. Kuliah\\2. Bahan - bahan Kuliah\\✨ SEMESTER 4\\PEMROGRAMAN FRAMEWORK - IS-04-04\\Pertemuan 11\\modul-9\\MasterData_Storage\\vendor\\laravel\\framework\\src\\Illuminate\\Routing\\Router.php(729): Illuminate\\Routing\\Router->dispatchToRoute(Object(Illuminate\\Http\\Request))
#22 D:\\----- 1. Kuliah\\2. Bahan - bahan Kuliah\\✨ SEMESTER 4\\PEMROGRAMAN FRAMEWORK - IS-04-04\\Pertemuan 11\\modul-9\\MasterData_Storage\\vendor\\laravel\\framework\\src\\Illuminate\\Foundation\\Http\\Kernel.php(200): Illuminate\\Routing\\Router->dispatch(Object(Illuminate\\Http\\Request))
#23 D:\\----- 1. Kuliah\\2. Bahan - bahan Kuliah\\✨ SEMESTER 4\\PEMROGRAMAN FRAMEWORK - IS-04-04\\Pertemuan 11\\modul-9\\MasterData_Storage\\vendor\\laravel\\framework\\src\\Illuminate\\Pipeline\\Pipeline.php(141): Illuminate\\Foundation\\Http\\Kernel->Illuminate\\Foundation\\Http\\{closure}(Object(Illuminate\\Http\\Request))
#24 D:\\----- 1. Kuliah\\2. Bahan - bahan Kuliah\\✨ SEMESTER 4\\PEMROGRAMAN FRAMEWORK - IS-04-04\\Pertemuan 11\\modul-9\\MasterData_Storage\\vendor\\laravel\\framework\\src\\Illuminate\\Foundation\\Http\\Middleware\\TransformsRequest.php(21): Illuminate\\Pipeline\\Pipeline->Illuminate\\Pipeline\\{closure}(Object(Illuminate\\Http\\Request))
#25 D:\\----- 1. Kuliah\\2. Bahan - bahan Kuliah\\✨ SEMESTER 4\\PEMROGRAMAN FRAMEWORK - IS-04-04\\Pertemuan 11\\modul-9\\MasterData_Storage\\vendor\\laravel\\framework\\src\\Illuminate\\Foundation\\Http\\Middleware\\ConvertEmptyStringsToNull.php(31): Illuminate\\Foundation\\Http\\Middleware\\TransformsRequest->handle(Object(Illuminate\\Http\\Request), Object(Closure))
#26 D:\\----- 1. Kuliah\\2. Bahan - bahan Kuliah\\✨ SEMESTER 4\\PEMROGRAMAN FRAMEWORK - IS-04-04\\Pertemuan 11\\modul-9\\MasterData_Storage\\vendor\\laravel\\framework\\src\\Illuminate\\Pipeline\\Pipeline.php(180): Illuminate\\Foundation\\Http\\Middleware\\ConvertEmptyStringsToNull->handle(Object(Illuminate\\Http\\Request), Object(Closure))
#27 D:\\----- 1. Kuliah\\2. Bahan - bahan Kuliah\\✨ SEMESTER 4\\PEMROGRAMAN FRAMEWORK - IS-04-04\\Pertemuan 11\\modul-9\\MasterData_Storage\\vendor\\laravel\\framework\\src\\Illuminate\\Foundation\\Http\\Middleware\\TransformsRequest.php(21): Illuminate\\Pipeline\\Pipeline->Illuminate\\Pipeline\\{closure}(Object(Illuminate\\Http\\Request))
#28 D:\\----- 1. Kuliah\\2. Bahan - bahan Kuliah\\✨ SEMESTER 4\\PEMROGRAMAN FRAMEWORK - IS-04-04\\Pertemuan 11\\modul-9\\MasterData_Storage\\vendor\\laravel\\framework\\src\\Illuminate\\Foundation\\Http\\Middleware\\TrimStrings.php(40): Illuminate\\Foundation\\Http\\Middleware\\TransformsRequest->handle(Object(Illuminate\\Http\\Request), Object(Closure))
#29 D:\\----- 1. Kuliah\\2. Bahan - bahan Kuliah\\✨ SEMESTER 4\\PEMROGRAMAN FRAMEWORK - IS-04-04\\Pertemuan 11\\modul-9\\MasterData_Storage\\vendor\\laravel\\framework\\src\\Illuminate\\Pipeline\\Pipeline.php(180): Illuminate\\Foundation\\Http\\Middleware\\TrimStrings->handle(Object(Illuminate\\Http\\Request), Object(Closure))
#30 D:\\----- 1. Kuliah\\2. Bahan - bahan Kuliah\\✨ SEMESTER 4\\PEMROGRAMAN FRAMEWORK - IS-04-04\\Pertemuan 11\\modul-9\\MasterData_Storage\\vendor\\laravel\\framework\\src\\Illuminate\\Foundation\\Http\\Middleware\\ValidatePostSize.php(27): Illuminate\\Pipeline\\Pipeline->Illuminate\\Pipeline\\{closure}(Object(Illuminate\\Http\\Request))
#31 D:\\----- 1. Kuliah\\2. Bahan - bahan Kuliah\\✨ SEMESTER 4\\PEMROGRAMAN FRAMEWORK - IS-04-04\\Pertemuan 11\\modul-9\\MasterData_Storage\\vendor\\laravel\\framework\\src\\Illuminate\\Pipeline\\Pipeline.php(180): Illuminate\\Foundation\\Http\\Middleware\\ValidatePostSize->handle(Object(Illuminate\\Http\\Request), Object(Closure))
#32 D:\\----- 1. Kuliah\\2. Bahan - bahan Kuliah\\✨ SEMESTER 4\\PEMROGRAMAN FRAMEWORK - IS-04-04\\Pertemuan 11\\modul-9\\MasterData_Storage\\vendor\\laravel\\framework\\src\\Illuminate\\Foundation\\Http\\Middleware\\PreventRequestsDuringMaintenance.php(86): Illuminate\\Pipeline\\Pipeline->Illuminate\\Pipeline\\{closure}(Object(Illuminate\\Http\\Request))
#33 D:\\----- 1. Kuliah\\2. Bahan - bahan Kuliah\\✨ SEMESTER 4\\PEMROGRAMAN FRAMEWORK - IS-04-04\\Pertemuan 11\\modul-9\\MasterData_Storage\\vendor\\laravel\\framework\\src\\Illuminate\\Pipeline\\Pipeline.php(180): Illuminate\\Foundation\\Http\\Middleware\\PreventRequestsDuringMaintenance->handle(Object(Illuminate\\Http\\Request), Object(Closure))
#34 D:\\----- 1. Kuliah\\2. Bahan - bahan Kuliah\\✨ SEMESTER 4\\PEMROGRAMAN FRAMEWORK - IS-04-04\\Pertemuan 11\\modul-9\\MasterData_Storage\\vendor\\laravel\\framework\\src\\Illuminate\\Http\\Middleware\\HandleCors.php(49): Illuminate\\Pipeline\\Pipeline->Illuminate\\Pipeline\\{closure}(Object(Illuminate\\Http\\Request))
#35 D:\\----- 1. Kuliah\\2. Bahan - bahan Kuliah\\✨ SEMESTER 4\\PEMROGRAMAN FRAMEWORK - IS-04-04\\Pertemuan 11\\modul-9\\MasterData_Storage\\vendor\\laravel\\framework\\src\\Illuminate\\Pipeline\\Pipeline.php(180): Illuminate\\Http\\Middleware\\HandleCors->handle(Object(Illuminate\\Http\\Request), Object(Closure))
#36 D:\\----- 1. Kuliah\\2. Bahan - bahan Kuliah\\✨ SEMESTER 4\\PEMROGRAMAN FRAMEWORK - IS-04-04\\Pertemuan 11\\modul-9\\MasterData_Storage\\vendor\\laravel\\framework\\src\\Illuminate\\Http\\Middleware\\TrustProxies.php(39): Illuminate\\Pipeline\\Pipeline->Illuminate\\Pipeline\\{closure}(Object(Illuminate\\Http\\Request))
#37 D:\\----- 1. Kuliah\\2. Bahan - bahan Kuliah\\✨ SEMESTER 4\\PEMROGRAMAN FRAMEWORK - IS-04-04\\Pertemuan 11\\modul-9\\MasterData_Storage\\vendor\\laravel\\framework\\src\\Illuminate\\Pipeline\\Pipeline.php(180): Illuminate\\Http\\Middleware\\TrustProxies->handle(Object(Illuminate\\Http\\Request), Object(Closure))
#38 D:\\----- 1. Kuliah\\2. Bahan - bahan Kuliah\\✨ SEMESTER 4\\PEMROGRAMAN FRAMEWORK - IS-04-04\\Pertemuan 11\\modul-9\\MasterData_Storage\\vendor\\laravel\\framework\\src\\Illuminate\\Pipeline\\Pipeline.php(116): Illuminate\\Pipeline\\Pipeline->Illuminate\\Pipeline\\{closure}(Object(Illuminate\\Http\\Request))
#39 D:\\----- 1. Kuliah\\2. Bahan - bahan Kuliah\\✨ SEMESTER 4\\PEMROGRAMAN FRAMEWORK - IS-04-04\\Pertemuan 11\\modul-9\\MasterData_Storage\\vendor\\laravel\\framework\\src\\Illuminate\\Foundation\\Http\\Kernel.php(175): Illuminate\\Pipeline\\Pipeline->then(Object(Closure))
#40 D:\\----- 1. Kuliah\\2. Bahan - bahan Kuliah\\✨ SEMESTER 4\\PEMROGRAMAN FRAMEWORK - IS-04-04\\Pertemuan 11\\modul-9\\MasterData_Storage\\vendor\\laravel\\framework\\src\\Illuminate\\Foundation\\Http\\Kernel.php(144): Illuminate\\Foundation\\Http\\Kernel->sendRequestThroughRouter(Object(Illuminate\\Http\\Request))
#41 D:\\----- 1. Kuliah\\2. Bahan - bahan Kuliah\\✨ SEMESTER 4\\PEMROGRAMAN FRAMEWORK - IS-04-04\\Pertemuan 11\\modul-9\\MasterData_Storage\\public\\index.php(51): Illuminate\\Foundation\\Http\\Kernel->handle(Object(Illuminate\\Http\\Request))
#42 D:\\----- 1. Kuliah\\2. Bahan - bahan Kuliah\\✨ SEMESTER 4\\PEMROGRAMAN FRAMEWORK - IS-04-04\\Pertemuan 11\\modul-9\\MasterData_Storage\\vendor\\laravel\\framework\\src\\Illuminate\\Foundation\\resources\\server.php(16): require_once('D:\\\\----- 1. Kul...')
#43 {main}
"} 
[2023-07-06 11:06:39] local.ERROR: No application encryption key has been specified. {"exception":"[object] (Illuminate\\Encryption\\MissingAppKeyException(code: 0): No application encryption key has been specified. at D:\\----- 1. Kuliah\\2. Bahan - bahan Kuliah\\✨ SEMESTER 4\\PEMROGRAMAN FRAMEWORK - IS-04-04\\Pertemuan 11\\modul-9\\MasterData_Storage\\vendor\\laravel\\framework\\src\\Illuminate\\Encryption\\EncryptionServiceProvider.php:79)
[stacktrace]
#0 D:\\----- 1. Kuliah\\2. Bahan - bahan Kuliah\\✨ SEMESTER 4\\PEMROGRAMAN FRAMEWORK - IS-04-04\\Pertemuan 11\\modul-9\\MasterData_Storage\\vendor\\laravel\\framework\\src\\Illuminate\\Support\\helpers.php(307): Illuminate\\Encryption\\EncryptionServiceProvider->Illuminate\\Encryption\\{closure}('')
#1 D:\\----- 1. Kuliah\\2. Bahan - bahan Kuliah\\✨ SEMESTER 4\\PEMROGRAMAN FRAMEWORK - IS-04-04\\Pertemuan 11\\modul-9\\MasterData_Storage\\vendor\\laravel\\framework\\src\\Illuminate\\Encryption\\EncryptionServiceProvider.php(77): tap('', Object(Closure))
#2 D:\\----- 1. Kuliah\\2. Bahan - bahan Kuliah\\✨ SEMESTER 4\\PEMROGRAMAN FRAMEWORK - IS-04-04\\Pertemuan 11\\modul-9\\MasterData_Storage\\vendor\\laravel\\framework\\src\\Illuminate\\Encryption\\EncryptionServiceProvider.php(60): Illuminate\\Encryption\\EncryptionServiceProvider->key(Array)
#3 D:\\----- 1. Kuliah\\2. Bahan - bahan Kuliah\\✨ SEMESTER 4\\PEMROGRAMAN FRAMEWORK - IS-04-04\\Pertemuan 11\\modul-9\\MasterData_Storage\\vendor\\laravel\\framework\\src\\Illuminate\\Encryption\\EncryptionServiceProvider.php(32): Illuminate\\Encryption\\EncryptionServiceProvider->parseKey(Array)
#4 D:\\----- 1. Kuliah\\2. Bahan - bahan Kuliah\\✨ SEMESTER 4\\PEMROGRAMAN FRAMEWORK - IS-04-04\\Pertemuan 11\\modul-9\\MasterData_Storage\\vendor\\laravel\\framework\\src\\Illuminate\\Container\\Container.php(910): Illuminate\\Encryption\\EncryptionServiceProvider->Illuminate\\Encryption\\{closure}(Object(Illuminate\\Foundation\\Application), Array)
#5 D:\\----- 1. Kuliah\\2. Bahan - bahan Kuliah\\✨ SEMESTER 4\\PEMROGRAMAN FRAMEWORK - IS-04-04\\Pertemuan 11\\modul-9\\MasterData_Storage\\vendor\\laravel\\framework\\src\\Illuminate\\Container\\Container.php(795): Illuminate\\Container\\Container->build(Object(Closure))
#6 D:\\----- 1. Kuliah\\2. Bahan - bahan Kuliah\\✨ SEMESTER 4\\PEMROGRAMAN FRAMEWORK - IS-04-04\\Pertemuan 11\\modul-9\\MasterData_Storage\\vendor\\laravel\\framework\\src\\Illuminate\\Foundation\\Application.php(933): Illuminate\\Container\\Container->resolve('encrypter', Array, true)
#7 D:\\----- 1. Kuliah\\2. Bahan - bahan Kuliah\\✨ SEMESTER 4\\PEMROGRAMAN FRAMEWORK - IS-04-04\\Pertemuan 11\\modul-9\\MasterData_Storage\\vendor\\laravel\\framework\\src\\Illuminate\\Container\\Container.php(731): Illuminate\\Foundation\\Application->resolve('encrypter', Array)
#8 D:\\----- 1. Kuliah\\2. Bahan - bahan Kuliah\\✨ SEMESTER 4\\PEMROGRAMAN FRAMEWORK - IS-04-04\\Pertemuan 11\\modul-9\\MasterData_Storage\\vendor\\laravel\\framework\\src\\Illuminate\\Foundation\\Application.php(918): Illuminate\\Container\\Container->make('encrypter', Array)
#9 D:\\----- 1. Kuliah\\2. Bahan - bahan Kuliah\\✨ SEMESTER 4\\PEMROGRAMAN FRAMEWORK - IS-04-04\\Pertemuan 11\\modul-9\\MasterData_Storage\\vendor\\laravel\\framework\\src\\Illuminate\\Container\\Container.php(1068): Illuminate\\Foundation\\Application->make('encrypter')
#10 D:\\----- 1. Kuliah\\2. Bahan - bahan Kuliah\\✨ SEMESTER 4\\PEMROGRAMAN FRAMEWORK - IS-04-04\\Pertemuan 11\\modul-9\\MasterData_Storage\\vendor\\laravel\\framework\\src\\Illuminate\\Container\\Container.php(984): Illuminate\\Container\\Container->resolveClass(Object(ReflectionParameter))
#11 D:\\----- 1. Kuliah\\2. Bahan - bahan Kuliah\\✨ SEMESTER 4\\PEMROGRAMAN FRAMEWORK - IS-04-04\\Pertemuan 11\\modul-9\\MasterData_Storage\\vendor\\laravel\\framework\\src\\Illuminate\\Container\\Container.php(945): Illuminate\\Container\\Container->resolveDependencies(Array)
#12 D:\\----- 1. Kuliah\\2. Bahan - bahan Kuliah\\✨ SEMESTER 4\\PEMROGRAMAN FRAMEWORK - IS-04-04\\Pertemuan 11\\modul-9\\MasterData_Storage\\vendor\\laravel\\framework\\src\\Illuminate\\Container\\Container.php(795): Illuminate\\Container\\Container->build('App\\\\Http\\\\Middle...')
#13 D:\\----- 1. Kuliah\\2. Bahan - bahan Kuliah\\✨ SEMESTER 4\\PEMROGRAMAN FRAMEWORK - IS-04-04\\Pertemuan 11\\modul-9\\MasterData_Storage\\vendor\\laravel\\framework\\src\\Illuminate\\Foundation\\Application.php(933): Illuminate\\Container\\Container->resolve('App\\\\Http\\\\Middle...', Array, true)
#14 D:\\----- 1. Kuliah\\2. Bahan - bahan Kuliah\\✨ SEMESTER 4\\PEMROGRAMAN FRAMEWORK - IS-04-04\\Pertemuan 11\\modul-9\\MasterData_Storage\\vendor\\laravel\\framework\\src\\Illuminate\\Container\\Container.php(731): Illuminate\\Foundation\\Application->resolve('App\\\\Http\\\\Middle...', Array)
#15 D:\\----- 1. Kuliah\\2. Bahan - bahan Kuliah\\✨ SEMESTER 4\\PEMROGRAMAN FRAMEWORK - IS-04-04\\Pertemuan 11\\modul-9\\MasterData_Storage\\vendor\\laravel\\framework\\src\\Illuminate\\Foundation\\Application.php(918): Illuminate\\Container\\Container->make('App\\\\Http\\\\Middle...', Array)
#16 D:\\----- 1. Kuliah\\2. Bahan - bahan Kuliah\\✨ SEMESTER 4\\PEMROGRAMAN FRAMEWORK - IS-04-04\\Pertemuan 11\\modul-9\\MasterData_Storage\\vendor\\laravel\\framework\\src\\Illuminate\\Foundation\\Http\\Kernel.php(249): Illuminate\\Foundation\\Application->make('App\\\\Http\\\\Middle...')
#17 D:\\----- 1. Kuliah\\2. Bahan - bahan Kuliah\\✨ SEMESTER 4\\PEMROGRAMAN FRAMEWORK - IS-04-04\\Pertemuan 11\\modul-9\\MasterData_Storage\\vendor\\laravel\\framework\\src\\Illuminate\\Foundation\\Http\\Kernel.php(213): Illuminate\\Foundation\\Http\\Kernel->terminateMiddleware(Object(Illuminate\\Http\\Request), Object(Illuminate\\Http\\Response))
#18 D:\\----- 1. Kuliah\\2. Bahan - bahan Kuliah\\✨ SEMESTER 4\\PEMROGRAMAN FRAMEWORK - IS-04-04\\Pertemuan 11\\modul-9\\MasterData_Storage\\public\\index.php(55): Illuminate\\Foundation\\Http\\Kernel->terminate(Object(Illuminate\\Http\\Request), Object(Illuminate\\Http\\Response))
#19 D:\\----- 1. Kuliah\\2. Bahan - bahan Kuliah\\✨ SEMESTER 4\\PEMROGRAMAN FRAMEWORK - IS-04-04\\Pertemuan 11\\modul-9\\MasterData_Storage\\vendor\\laravel\\framework\\src\\Illuminate\\Foundation\\resources\\server.php(16): require_once('D:\\\\----- 1. Kul...')
#20 {main}
"} 
[2023-07-06 11:27:40] local.ERROR: SQLSTATE[42S02]: Base table or view not found: 1146 Table 'laravel_auth.employees' doesn't exist (Connection: mysql, SQL: select * from `employees`) {"userId":1,"exception":"[object] (Illuminate\\Database\\QueryException(code: 42S02): SQLSTATE[42S02]: Base table or view not found: 1146 Table 'laravel_auth.employees' doesn't exist (Connection: mysql, SQL: select * from `employees`) at C:\\Users\\EKKY DEA\\modul-9\\vendor\\laravel\\framework\\src\\Illuminate\\Database\\Connection.php:793)
[stacktrace]
#0 C:\\Users\\EKKY DEA\\modul-9\\vendor\\laravel\\framework\\src\\Illuminate\\Database\\Connection.php(753): Illuminate\\Database\\Connection->runQueryCallback('select * from `...', Array, Object(Closure))
#1 C:\\Users\\EKKY DEA\\modul-9\\vendor\\laravel\\framework\\src\\Illuminate\\Database\\Connection.php(405): Illuminate\\Database\\Connection->run('select * from `...', Array, Object(Closure))
#2 C:\\Users\\EKKY DEA\\modul-9\\vendor\\laravel\\framework\\src\\Illuminate\\Database\\Query\\Builder.php(2718): Illuminate\\Database\\Connection->select('select * from `...', Array, true)
#3 C:\\Users\\EKKY DEA\\modul-9\\vendor\\laravel\\framework\\src\\Illuminate\\Database\\Query\\Builder.php(2707): Illuminate\\Database\\Query\\Builder->runSelect()
#4 C:\\Users\\EKKY DEA\\modul-9\\vendor\\laravel\\framework\\src\\Illuminate\\Database\\Query\\Builder.php(3248): Illuminate\\Database\\Query\\Builder->Illuminate\\Database\\Query\\{closure}()
#5 C:\\Users\\EKKY DEA\\modul-9\\vendor\\laravel\\framework\\src\\Illuminate\\Database\\Query\\Builder.php(2706): Illuminate\\Database\\Query\\Builder->onceWithColumns(Array, Object(Closure))
#6 C:\\Users\\EKKY DEA\\modul-9\\vendor\\laravel\\framework\\src\\Illuminate\\Database\\Eloquent\\Builder.php(717): Illuminate\\Database\\Query\\Builder->get(Array)
#7 C:\\Users\\EKKY DEA\\modul-9\\vendor\\laravel\\framework\\src\\Illuminate\\Database\\Eloquent\\Builder.php(701): Illuminate\\Database\\Eloquent\\Builder->getModels(Array)
#8 C:\\Users\\EKKY DEA\\modul-9\\vendor\\laravel\\framework\\src\\Illuminate\\Database\\Eloquent\\Model.php(674): Illuminate\\Database\\Eloquent\\Builder->get(Array)
#9 C:\\Users\\EKKY DEA\\modul-9\\app\\Http\\Controllers\\EmployeeController.php(25): Illuminate\\Database\\Eloquent\\Model::all()
#10 C:\\Users\\EKKY DEA\\modul-9\\vendor\\laravel\\framework\\src\\Illuminate\\Routing\\Controller.php(54): App\\Http\\Controllers\\EmployeeController->index()
#11 C:\\Users\\EKKY DEA\\modul-9\\vendor\\laravel\\framework\\src\\Illuminate\\Routing\\ControllerDispatcher.php(43): Illuminate\\Routing\\Controller->callAction('index', Array)
#12 C:\\Users\\EKKY DEA\\modul-9\\vendor\\laravel\\framework\\src\\Illuminate\\Routing\\Route.php(259): Illuminate\\Routing\\ControllerDispatcher->dispatch(Object(Illuminate\\Routing\\Route), Object(App\\Http\\Controllers\\EmployeeController), 'index')
#13 C:\\Users\\EKKY DEA\\modul-9\\vendor\\laravel\\framework\\src\\Illuminate\\Routing\\Route.php(205): Illuminate\\Routing\\Route->runController()
#14 C:\\Users\\EKKY DEA\\modul-9\\vendor\\laravel\\framework\\src\\Illuminate\\Routing\\Router.php(798): Illuminate\\Routing\\Route->run()
#15 C:\\Users\\EKKY DEA\\modul-9\\vendor\\laravel\\framework\\src\\Illuminate\\Pipeline\\Pipeline.php(141): Illuminate\\Routing\\Router->Illuminate\\Routing\\{closure}(Object(Illuminate\\Http\\Request))
#16 C:\\Users\\EKKY DEA\\modul-9\\vendor\\laravel\\framework\\src\\Illuminate\\Routing\\Middleware\\SubstituteBindings.php(50): Illuminate\\Pipeline\\Pipeline->Illuminate\\Pipeline\\{closure}(Object(Illuminate\\Http\\Request))
#17 C:\\Users\\EKKY DEA\\modul-9\\vendor\\laravel\\framework\\src\\Illuminate\\Pipeline\\Pipeline.php(180): Illuminate\\Routing\\Middleware\\SubstituteBindings->handle(Object(Illuminate\\Http\\Request), Object(Closure))
#18 C:\\Users\\EKKY DEA\\modul-9\\vendor\\laravel\\framework\\src\\Illuminate\\Auth\\Middleware\\Authenticate.php(57): Illuminate\\Pipeline\\Pipeline->Illuminate\\Pipeline\\{closure}(Object(Illuminate\\Http\\Request))
#19 C:\\Users\\EKKY DEA\\modul-9\\vendor\\laravel\\framework\\src\\Illuminate\\Pipeline\\Pipeline.php(180): Illuminate\\Auth\\Middleware\\Authenticate->handle(Object(Illuminate\\Http\\Request), Object(Closure))
#20 C:\\Users\\EKKY DEA\\modul-9\\vendor\\laravel\\framework\\src\\Illuminate\\Foundation\\Http\\Middleware\\VerifyCsrfToken.php(78): Illuminate\\Pipeline\\Pipeline->Illuminate\\Pipeline\\{closure}(Object(Illuminate\\Http\\Request))
#21 C:\\Users\\EKKY DEA\\modul-9\\vendor\\laravel\\framework\\src\\Illuminate\\Pipeline\\Pipeline.php(180): Illuminate\\Foundation\\Http\\Middleware\\VerifyCsrfToken->handle(Object(Illuminate\\Http\\Request), Object(Closure))
#22 C:\\Users\\EKKY DEA\\modul-9\\vendor\\laravel\\framework\\src\\Illuminate\\View\\Middleware\\ShareErrorsFromSession.php(49): Illuminate\\Pipeline\\Pipeline->Illuminate\\Pipeline\\{closure}(Object(Illuminate\\Http\\Request))
#23 C:\\Users\\EKKY DEA\\modul-9\\vendor\\laravel\\framework\\src\\Illuminate\\Pipeline\\Pipeline.php(180): Illuminate\\View\\Middleware\\ShareErrorsFromSession->handle(Object(Illuminate\\Http\\Request), Object(Closure))
#24 C:\\Users\\EKKY DEA\\modul-9\\vendor\\laravel\\framework\\src\\Illuminate\\Session\\Middleware\\StartSession.php(121): Illuminate\\Pipeline\\Pipeline->Illuminate\\Pipeline\\{closure}(Object(Illuminate\\Http\\Request))
#25 C:\\Users\\EKKY DEA\\modul-9\\vendor\\laravel\\framework\\src\\Illuminate\\Session\\Middleware\\StartSession.php(64): Illuminate\\Session\\Middleware\\StartSession->handleStatefulRequest(Object(Illuminate\\Http\\Request), Object(Illuminate\\Session\\Store), Object(Closure))
#26 C:\\Users\\EKKY DEA\\modul-9\\vendor\\laravel\\framework\\src\\Illuminate\\Pipeline\\Pipeline.php(180): Illuminate\\Session\\Middleware\\StartSession->handle(Object(Illuminate\\Http\\Request), Object(Closure))
#27 C:\\Users\\EKKY DEA\\modul-9\\vendor\\laravel\\framework\\src\\Illuminate\\Cookie\\Middleware\\AddQueuedCookiesToResponse.php(37): Illuminate\\Pipeline\\Pipeline->Illuminate\\Pipeline\\{closure}(Object(Illuminate\\Http\\Request))
#28 C:\\Users\\EKKY DEA\\modul-9\\vendor\\laravel\\framework\\src\\Illuminate\\Pipeline\\Pipeline.php(180): Illuminate\\Cookie\\Middleware\\AddQueuedCookiesToResponse->handle(Object(Illuminate\\Http\\Request), Object(Closure))
#29 C:\\Users\\EKKY DEA\\modul-9\\vendor\\laravel\\framework\\src\\Illuminate\\Cookie\\Middleware\\EncryptCookies.php(67): Illuminate\\Pipeline\\Pipeline->Illuminate\\Pipeline\\{closure}(Object(Illuminate\\Http\\Request))
#30 C:\\Users\\EKKY DEA\\modul-9\\vendor\\laravel\\framework\\src\\Illuminate\\Pipeline\\Pipeline.php(180): Illuminate\\Cookie\\Middleware\\EncryptCookies->handle(Object(Illuminate\\Http\\Request), Object(Closure))
#31 C:\\Users\\EKKY DEA\\modul-9\\vendor\\laravel\\framework\\src\\Illuminate\\Pipeline\\Pipeline.php(116): Illuminate\\Pipeline\\Pipeline->Illuminate\\Pipeline\\{closure}(Object(Illuminate\\Http\\Request))
#32 C:\\Users\\EKKY DEA\\modul-9\\vendor\\laravel\\framework\\src\\Illuminate\\Routing\\Router.php(797): Illuminate\\Pipeline\\Pipeline->then(Object(Closure))
#33 C:\\Users\\EKKY DEA\\modul-9\\vendor\\laravel\\framework\\src\\Illuminate\\Routing\\Router.php(776): Illuminate\\Routing\\Router->runRouteWithinStack(Object(Illuminate\\Routing\\Route), Object(Illuminate\\Http\\Request))
#34 C:\\Users\\EKKY DEA\\modul-9\\vendor\\laravel\\framework\\src\\Illuminate\\Routing\\Router.php(740): Illuminate\\Routing\\Router->runRoute(Object(Illuminate\\Http\\Request), Object(Illuminate\\Routing\\Route))
#35 C:\\Users\\EKKY DEA\\modul-9\\vendor\\laravel\\framework\\src\\Illuminate\\Routing\\Router.php(729): Illuminate\\Routing\\Router->dispatchToRoute(Object(Illuminate\\Http\\Request))
#36 C:\\Users\\EKKY DEA\\modul-9\\vendor\\laravel\\framework\\src\\Illuminate\\Foundation\\Http\\Kernel.php(200): Illuminate\\Routing\\Router->dispatch(Object(Illuminate\\Http\\Request))
#37 C:\\Users\\EKKY DEA\\modul-9\\vendor\\laravel\\framework\\src\\Illuminate\\Pipeline\\Pipeline.php(141): Illuminate\\Foundation\\Http\\Kernel->Illuminate\\Foundation\\Http\\{closure}(Object(Illuminate\\Http\\Request))
#38 C:\\Users\\EKKY DEA\\modul-9\\vendor\\laravel\\framework\\src\\Illuminate\\Foundation\\Http\\Middleware\\TransformsRequest.php(21): Illuminate\\Pipeline\\Pipeline->Illuminate\\Pipeline\\{closure}(Object(Illuminate\\Http\\Request))
#39 C:\\Users\\EKKY DEA\\modul-9\\vendor\\laravel\\framework\\src\\Illuminate\\Foundation\\Http\\Middleware\\ConvertEmptyStringsToNull.php(31): Illuminate\\Foundation\\Http\\Middleware\\TransformsRequest->handle(Object(Illuminate\\Http\\Request), Object(Closure))
#40 C:\\Users\\EKKY DEA\\modul-9\\vendor\\laravel\\framework\\src\\Illuminate\\Pipeline\\Pipeline.php(180): Illuminate\\Foundation\\Http\\Middleware\\ConvertEmptyStringsToNull->handle(Object(Illuminate\\Http\\Request), Object(Closure))
#41 C:\\Users\\EKKY DEA\\modul-9\\vendor\\laravel\\framework\\src\\Illuminate\\Foundation\\Http\\Middleware\\TransformsRequest.php(21): Illuminate\\Pipeline\\Pipeline->Illuminate\\Pipeline\\{closure}(Object(Illuminate\\Http\\Request))
#42 C:\\Users\\EKKY DEA\\modul-9\\vendor\\laravel\\framework\\src\\Illuminate\\Foundation\\Http\\Middleware\\TrimStrings.php(40): Illuminate\\Foundation\\Http\\Middleware\\TransformsRequest->handle(Object(Illuminate\\Http\\Request), Object(Closure))
#43 C:\\Users\\EKKY DEA\\modul-9\\vendor\\laravel\\framework\\src\\Illuminate\\Pipeline\\Pipeline.php(180): Illuminate\\Foundation\\Http\\Middleware\\TrimStrings->handle(Object(Illuminate\\Http\\Request), Object(Closure))
#44 C:\\Users\\EKKY DEA\\modul-9\\vendor\\laravel\\framework\\src\\Illuminate\\Foundation\\Http\\Middleware\\ValidatePostSize.php(27): Illuminate\\Pipeline\\Pipeline->Illuminate\\Pipeline\\{closure}(Object(Illuminate\\Http\\Request))
#45 C:\\Users\\EKKY DEA\\modul-9\\vendor\\laravel\\framework\\src\\Illuminate\\Pipeline\\Pipeline.php(180): Illuminate\\Foundation\\Http\\Middleware\\ValidatePostSize->handle(Object(Illuminate\\Http\\Request), Object(Closure))
#46 C:\\Users\\EKKY DEA\\modul-9\\vendor\\laravel\\framework\\src\\Illuminate\\Foundation\\Http\\Middleware\\PreventRequestsDuringMaintenance.php(86): Illuminate\\Pipeline\\Pipeline->Illuminate\\Pipeline\\{closure}(Object(Illuminate\\Http\\Request))
#47 C:\\Users\\EKKY DEA\\modul-9\\vendor\\laravel\\framework\\src\\Illuminate\\Pipeline\\Pipeline.php(180): Illuminate\\Foundation\\Http\\Middleware\\PreventRequestsDuringMaintenance->handle(Object(Illuminate\\Http\\Request), Object(Closure))
#48 C:\\Users\\EKKY DEA\\modul-9\\vendor\\laravel\\framework\\src\\Illuminate\\Http\\Middleware\\HandleCors.php(49): Illuminate\\Pipeline\\Pipeline->Illuminate\\Pipeline\\{closure}(Object(Illuminate\\Http\\Request))
#49 C:\\Users\\EKKY DEA\\modul-9\\vendor\\laravel\\framework\\src\\Illuminate\\Pipeline\\Pipeline.php(180): Illuminate\\Http\\Middleware\\HandleCors->handle(Object(Illuminate\\Http\\Request), Object(Closure))
#50 C:\\Users\\EKKY DEA\\modul-9\\vendor\\laravel\\framework\\src\\Illuminate\\Http\\Middleware\\TrustProxies.php(39): Illuminate\\Pipeline\\Pipeline->Illuminate\\Pipeline\\{closure}(Object(Illuminate\\Http\\Request))
#51 C:\\Users\\EKKY DEA\\modul-9\\vendor\\laravel\\framework\\src\\Illuminate\\Pipeline\\Pipeline.php(180): Illuminate\\Http\\Middleware\\TrustProxies->handle(Object(Illuminate\\Http\\Request), Object(Closure))
#52 C:\\Users\\EKKY DEA\\modul-9\\vendor\\laravel\\framework\\src\\Illuminate\\Pipeline\\Pipeline.php(116): Illuminate\\Pipeline\\Pipeline->Illuminate\\Pipeline\\{closure}(Object(Illuminate\\Http\\Request))
#53 C:\\Users\\EKKY DEA\\modul-9\\vendor\\laravel\\framework\\src\\Illuminate\\Foundation\\Http\\Kernel.php(175): Illuminate\\Pipeline\\Pipeline->then(Object(Closure))
#54 C:\\Users\\EKKY DEA\\modul-9\\vendor\\laravel\\framework\\src\\Illuminate\\Foundation\\Http\\Kernel.php(144): Illuminate\\Foundation\\Http\\Kernel->sendRequestThroughRouter(Object(Illuminate\\Http\\Request))
#55 C:\\Users\\EKKY DEA\\modul-9\\public\\index.php(51): Illuminate\\Foundation\\Http\\Kernel->handle(Object(Illuminate\\Http\\Request))
#56 C:\\Users\\EKKY DEA\\modul-9\\vendor\\laravel\\framework\\src\\Illuminate\\Foundation\\resources\\server.php(16): require_once('C:\\\\Users\\\\EKKY D...')
#57 {main}

[previous exception] [object] (PDOException(code: 42S02): SQLSTATE[42S02]: Base table or view not found: 1146 Table 'laravel_auth.employees' doesn't exist at C:\\Users\\EKKY DEA\\modul-9\\vendor\\laravel\\framework\\src\\Illuminate\\Database\\Connection.php:414)
[stacktrace]
#0 C:\\Users\\EKKY DEA\\modul-9\\vendor\\laravel\\framework\\src\\Illuminate\\Database\\Connection.php(414): PDO->prepare('select * from `...')
#1 C:\\Users\\EKKY DEA\\modul-9\\vendor\\laravel\\framework\\src\\Illuminate\\Database\\Connection.php(786): Illuminate\\Database\\Connection->Illuminate\\Database\\{closure}('select * from `...', Array)
#2 C:\\Users\\EKKY DEA\\modul-9\\vendor\\laravel\\framework\\src\\Illuminate\\Database\\Connection.php(753): Illuminate\\Database\\Connection->runQueryCallback('select * from `...', Array, Object(Closure))
#3 C:\\Users\\EKKY DEA\\modul-9\\vendor\\laravel\\framework\\src\\Illuminate\\Database\\Connection.php(405): Illuminate\\Database\\Connection->run('select * from `...', Array, Object(Closure))
#4 C:\\Users\\EKKY DEA\\modul-9\\vendor\\laravel\\framework\\src\\Illuminate\\Database\\Query\\Builder.php(2718): Illuminate\\Database\\Connection->select('select * from `...', Array, true)
#5 C:\\Users\\EKKY DEA\\modul-9\\vendor\\laravel\\framework\\src\\Illuminate\\Database\\Query\\Builder.php(2707): Illuminate\\Database\\Query\\Builder->runSelect()
#6 C:\\Users\\EKKY DEA\\modul-9\\vendor\\laravel\\framework\\src\\Illuminate\\Database\\Query\\Builder.php(3248): Illuminate\\Database\\Query\\Builder->Illuminate\\Database\\Query\\{closure}()
#7 C:\\Users\\EKKY DEA\\modul-9\\vendor\\laravel\\framework\\src\\Illuminate\\Database\\Query\\Builder.php(2706): Illuminate\\Database\\Query\\Builder->onceWithColumns(Array, Object(Closure))
#8 C:\\Users\\EKKY DEA\\modul-9\\vendor\\laravel\\framework\\src\\Illuminate\\Database\\Eloquent\\Builder.php(717): Illuminate\\Database\\Query\\Builder->get(Array)
#9 C:\\Users\\EKKY DEA\\modul-9\\vendor\\laravel\\framework\\src\\Illuminate\\Database\\Eloquent\\Builder.php(701): Illuminate\\Database\\Eloquent\\Builder->getModels(Array)
#10 C:\\Users\\EKKY DEA\\modul-9\\vendor\\laravel\\framework\\src\\Illuminate\\Database\\Eloquent\\Model.php(674): Illuminate\\Database\\Eloquent\\Builder->get(Array)
#11 C:\\Users\\EKKY DEA\\modul-9\\app\\Http\\Controllers\\EmployeeController.php(25): Illuminate\\Database\\Eloquent\\Model::all()
#12 C:\\Users\\EKKY DEA\\modul-9\\vendor\\laravel\\framework\\src\\Illuminate\\Routing\\Controller.php(54): App\\Http\\Controllers\\EmployeeController->index()
#13 C:\\Users\\EKKY DEA\\modul-9\\vendor\\laravel\\framework\\src\\Illuminate\\Routing\\ControllerDispatcher.php(43): Illuminate\\Routing\\Controller->callAction('index', Array)
#14 C:\\Users\\EKKY DEA\\modul-9\\vendor\\laravel\\framework\\src\\Illuminate\\Routing\\Route.php(259): Illuminate\\Routing\\ControllerDispatcher->dispatch(Object(Illuminate\\Routing\\Route), Object(App\\Http\\Controllers\\EmployeeController), 'index')
#15 C:\\Users\\EKKY DEA\\modul-9\\vendor\\laravel\\framework\\src\\Illuminate\\Routing\\Route.php(205): Illuminate\\Routing\\Route->runController()
#16 C:\\Users\\EKKY DEA\\modul-9\\vendor\\laravel\\framework\\src\\Illuminate\\Routing\\Router.php(798): Illuminate\\Routing\\Route->run()
#17 C:\\Users\\EKKY DEA\\modul-9\\vendor\\laravel\\framework\\src\\Illuminate\\Pipeline\\Pipeline.php(141): Illuminate\\Routing\\Router->Illuminate\\Routing\\{closure}(Object(Illuminate\\Http\\Request))
#18 C:\\Users\\EKKY DEA\\modul-9\\vendor\\laravel\\framework\\src\\Illuminate\\Routing\\Middleware\\SubstituteBindings.php(50): Illuminate\\Pipeline\\Pipeline->Illuminate\\Pipeline\\{closure}(Object(Illuminate\\Http\\Request))
#19 C:\\Users\\EKKY DEA\\modul-9\\vendor\\laravel\\framework\\src\\Illuminate\\Pipeline\\Pipeline.php(180): Illuminate\\Routing\\Middleware\\SubstituteBindings->handle(Object(Illuminate\\Http\\Request), Object(Closure))
#20 C:\\Users\\EKKY DEA\\modul-9\\vendor\\laravel\\framework\\src\\Illuminate\\Auth\\Middleware\\Authenticate.php(57): Illuminate\\Pipeline\\Pipeline->Illuminate\\Pipeline\\{closure}(Object(Illuminate\\Http\\Request))
#21 C:\\Users\\EKKY DEA\\modul-9\\vendor\\laravel\\framework\\src\\Illuminate\\Pipeline\\Pipeline.php(180): Illuminate\\Auth\\Middleware\\Authenticate->handle(Object(Illuminate\\Http\\Request), Object(Closure))
#22 C:\\Users\\EKKY DEA\\modul-9\\vendor\\laravel\\framework\\src\\Illuminate\\Foundation\\Http\\Middleware\\VerifyCsrfToken.php(78): Illuminate\\Pipeline\\Pipeline->Illuminate\\Pipeline\\{closure}(Object(Illuminate\\Http\\Request))
#23 C:\\Users\\EKKY DEA\\modul-9\\vendor\\laravel\\framework\\src\\Illuminate\\Pipeline\\Pipeline.php(180): Illuminate\\Foundation\\Http\\Middleware\\VerifyCsrfToken->handle(Object(Illuminate\\Http\\Request), Object(Closure))
#24 C:\\Users\\EKKY DEA\\modul-9\\vendor\\laravel\\framework\\src\\Illuminate\\View\\Middleware\\ShareErrorsFromSession.php(49): Illuminate\\Pipeline\\Pipeline->Illuminate\\Pipeline\\{closure}(Object(Illuminate\\Http\\Request))
#25 C:\\Users\\EKKY DEA\\modul-9\\vendor\\laravel\\framework\\src\\Illuminate\\Pipeline\\Pipeline.php(180): Illuminate\\View\\Middleware\\ShareErrorsFromSession->handle(Object(Illuminate\\Http\\Request), Object(Closure))
#26 C:\\Users\\EKKY DEA\\modul-9\\vendor\\laravel\\framework\\src\\Illuminate\\Session\\Middleware\\StartSession.php(121): Illuminate\\Pipeline\\Pipeline->Illuminate\\Pipeline\\{closure}(Object(Illuminate\\Http\\Request))
#27 C:\\Users\\EKKY DEA\\modul-9\\vendor\\laravel\\framework\\src\\Illuminate\\Session\\Middleware\\StartSession.php(64): Illuminate\\Session\\Middleware\\StartSession->handleStatefulRequest(Object(Illuminate\\Http\\Request), Object(Illuminate\\Session\\Store), Object(Closure))
#28 C:\\Users\\EKKY DEA\\modul-9\\vendor\\laravel\\framework\\src\\Illuminate\\Pipeline\\Pipeline.php(180): Illuminate\\Session\\Middleware\\StartSession->handle(Object(Illuminate\\Http\\Request), Object(Closure))
#29 C:\\Users\\EKKY DEA\\modul-9\\vendor\\laravel\\framework\\src\\Illuminate\\Cookie\\Middleware\\AddQueuedCookiesToResponse.php(37): Illuminate\\Pipeline\\Pipeline->Illuminate\\Pipeline\\{closure}(Object(Illuminate\\Http\\Request))
#30 C:\\Users\\EKKY DEA\\modul-9\\vendor\\laravel\\framework\\src\\Illuminate\\Pipeline\\Pipeline.php(180): Illuminate\\Cookie\\Middleware\\AddQueuedCookiesToResponse->handle(Object(Illuminate\\Http\\Request), Object(Closure))
#31 C:\\Users\\EKKY DEA\\modul-9\\vendor\\laravel\\framework\\src\\Illuminate\\Cookie\\Middleware\\EncryptCookies.php(67): Illuminate\\Pipeline\\Pipeline->Illuminate\\Pipeline\\{closure}(Object(Illuminate\\Http\\Request))
#32 C:\\Users\\EKKY DEA\\modul-9\\vendor\\laravel\\framework\\src\\Illuminate\\Pipeline\\Pipeline.php(180): Illuminate\\Cookie\\Middleware\\EncryptCookies->handle(Object(Illuminate\\Http\\Request), Object(Closure))
#33 C:\\Users\\EKKY DEA\\modul-9\\vendor\\laravel\\framework\\src\\Illuminate\\Pipeline\\Pipeline.php(116): Illuminate\\Pipeline\\Pipeline->Illuminate\\Pipeline\\{closure}(Object(Illuminate\\Http\\Request))
#34 C:\\Users\\EKKY DEA\\modul-9\\vendor\\laravel\\framework\\src\\Illuminate\\Routing\\Router.php(797): Illuminate\\Pipeline\\Pipeline->then(Object(Closure))
#35 C:\\Users\\EKKY DEA\\modul-9\\vendor\\laravel\\framework\\src\\Illuminate\\Routing\\Router.php(776): Illuminate\\Routing\\Router->runRouteWithinStack(Object(Illuminate\\Routing\\Route), Object(Illuminate\\Http\\Request))
#36 C:\\Users\\EKKY DEA\\modul-9\\vendor\\laravel\\framework\\src\\Illuminate\\Routing\\Router.php(740): Illuminate\\Routing\\Router->runRoute(Object(Illuminate\\Http\\Request), Object(Illuminate\\Routing\\Route))
#37 C:\\Users\\EKKY DEA\\modul-9\\vendor\\laravel\\framework\\src\\Illuminate\\Routing\\Router.php(729): Illuminate\\Routing\\Router->dispatchToRoute(Object(Illuminate\\Http\\Request))
#38 C:\\Users\\EKKY DEA\\modul-9\\vendor\\laravel\\framework\\src\\Illuminate\\Foundation\\Http\\Kernel.php(200): Illuminate\\Routing\\Router->dispatch(Object(Illuminate\\Http\\Request))
#39 C:\\Users\\EKKY DEA\\modul-9\\vendor\\laravel\\framework\\src\\Illuminate\\Pipeline\\Pipeline.php(141): Illuminate\\Foundation\\Http\\Kernel->Illuminate\\Foundation\\Http\\{closure}(Object(Illuminate\\Http\\Request))
#40 C:\\Users\\EKKY DEA\\modul-9\\vendor\\laravel\\framework\\src\\Illuminate\\Foundation\\Http\\Middleware\\TransformsRequest.php(21): Illuminate\\Pipeline\\Pipeline->Illuminate\\Pipeline\\{closure}(Object(Illuminate\\Http\\Request))
#41 C:\\Users\\EKKY DEA\\modul-9\\vendor\\laravel\\framework\\src\\Illuminate\\Foundation\\Http\\Middleware\\ConvertEmptyStringsToNull.php(31): Illuminate\\Foundation\\Http\\Middleware\\TransformsRequest->handle(Object(Illuminate\\Http\\Request), Object(Closure))
#42 C:\\Users\\EKKY DEA\\modul-9\\vendor\\laravel\\framework\\src\\Illuminate\\Pipeline\\Pipeline.php(180): Illuminate\\Foundation\\Http\\Middleware\\ConvertEmptyStringsToNull->handle(Object(Illuminate\\Http\\Request), Object(Closure))
#43 C:\\Users\\EKKY DEA\\modul-9\\vendor\\laravel\\framework\\src\\Illuminate\\Foundation\\Http\\Middleware\\TransformsRequest.php(21): Illuminate\\Pipeline\\Pipeline->Illuminate\\Pipeline\\{closure}(Object(Illuminate\\Http\\Request))
#44 C:\\Users\\EKKY DEA\\modul-9\\vendor\\laravel\\framework\\src\\Illuminate\\Foundation\\Http\\Middleware\\TrimStrings.php(40): Illuminate\\Foundation\\Http\\Middleware\\TransformsRequest->handle(Object(Illuminate\\Http\\Request), Object(Closure))
#45 C:\\Users\\EKKY DEA\\modul-9\\vendor\\laravel\\framework\\src\\Illuminate\\Pipeline\\Pipeline.php(180): Illuminate\\Foundation\\Http\\Middleware\\TrimStrings->handle(Object(Illuminate\\Http\\Request), Object(Closure))
#46 C:\\Users\\EKKY DEA\\modul-9\\vendor\\laravel\\framework\\src\\Illuminate\\Foundation\\Http\\Middleware\\ValidatePostSize.php(27): Illuminate\\Pipeline\\Pipeline->Illuminate\\Pipeline\\{closure}(Object(Illuminate\\Http\\Request))
#47 C:\\Users\\EKKY DEA\\modul-9\\vendor\\laravel\\framework\\src\\Illuminate\\Pipeline\\Pipeline.php(180): Illuminate\\Foundation\\Http\\Middleware\\ValidatePostSize->handle(Object(Illuminate\\Http\\Request), Object(Closure))
#48 C:\\Users\\EKKY DEA\\modul-9\\vendor\\laravel\\framework\\src\\Illuminate\\Foundation\\Http\\Middleware\\PreventRequestsDuringMaintenance.php(86): Illuminate\\Pipeline\\Pipeline->Illuminate\\Pipeline\\{closure}(Object(Illuminate\\Http\\Request))
#49 C:\\Users\\EKKY DEA\\modul-9\\vendor\\laravel\\framework\\src\\Illuminate\\Pipeline\\Pipeline.php(180): Illuminate\\Foundation\\Http\\Middleware\\PreventRequestsDuringMaintenance->handle(Object(Illuminate\\Http\\Request), Object(Closure))
#50 C:\\Users\\EKKY DEA\\modul-9\\vendor\\laravel\\framework\\src\\Illuminate\\Http\\Middleware\\HandleCors.php(49): Illuminate\\Pipeline\\Pipeline->Illuminate\\Pipeline\\{closure}(Object(Illuminate\\Http\\Request))
#51 C:\\Users\\EKKY DEA\\modul-9\\vendor\\laravel\\framework\\src\\Illuminate\\Pipeline\\Pipeline.php(180): Illuminate\\Http\\Middleware\\HandleCors->handle(Object(Illuminate\\Http\\Request), Object(Closure))
#52 C:\\Users\\EKKY DEA\\modul-9\\vendor\\laravel\\framework\\src\\Illuminate\\Http\\Middleware\\TrustProxies.php(39): Illuminate\\Pipeline\\Pipeline->Illuminate\\Pipeline\\{closure}(Object(Illuminate\\Http\\Request))
#53 C:\\Users\\EKKY DEA\\modul-9\\vendor\\laravel\\framework\\src\\Illuminate\\Pipeline\\Pipeline.php(180): Illuminate\\Http\\Middleware\\TrustProxies->handle(Object(Illuminate\\Http\\Request), Object(Closure))
#54 C:\\Users\\EKKY DEA\\modul-9\\vendor\\laravel\\framework\\src\\Illuminate\\Pipeline\\Pipeline.php(116): Illuminate\\Pipeline\\Pipeline->Illuminate\\Pipeline\\{closure}(Object(Illuminate\\Http\\Request))
#55 C:\\Users\\EKKY DEA\\modul-9\\vendor\\laravel\\framework\\src\\Illuminate\\Foundation\\Http\\Kernel.php(175): Illuminate\\Pipeline\\Pipeline->then(Object(Closure))
#56 C:\\Users\\EKKY DEA\\modul-9\\vendor\\laravel\\framework\\src\\Illuminate\\Foundation\\Http\\Kernel.php(144): Illuminate\\Foundation\\Http\\Kernel->sendRequestThroughRouter(Object(Illuminate\\Http\\Request))
#57 C:\\Users\\EKKY DEA\\modul-9\\public\\index.php(51): Illuminate\\Foundation\\Http\\Kernel->handle(Object(Illuminate\\Http\\Request))
#58 C:\\Users\\EKKY DEA\\modul-9\\vendor\\laravel\\framework\\src\\Illuminate\\Foundation\\resources\\server.php(16): require_once('C:\\\\Users\\\\EKKY D...')
#59 {main}
"} 
[2023-07-06 11:28:29] local.ERROR: SQLSTATE[42S02]: Base table or view not found: 1146 Table 'laravel_auth.employees' doesn't exist (Connection: mysql, SQL: select * from `employees`) {"userId":1,"exception":"[object] (Illuminate\\Database\\QueryException(code: 42S02): SQLSTATE[42S02]: Base table or view not found: 1146 Table 'laravel_auth.employees' doesn't exist (Connection: mysql, SQL: select * from `employees`) at C:\\Users\\EKKY DEA\\modul-9\\vendor\\laravel\\framework\\src\\Illuminate\\Database\\Connection.php:793)
[stacktrace]
#0 C:\\Users\\EKKY DEA\\modul-9\\vendor\\laravel\\framework\\src\\Illuminate\\Database\\Connection.php(753): Illuminate\\Database\\Connection->runQueryCallback('select * from `...', Array, Object(Closure))
#1 C:\\Users\\EKKY DEA\\modul-9\\vendor\\laravel\\framework\\src\\Illuminate\\Database\\Connection.php(405): Illuminate\\Database\\Connection->run('select * from `...', Array, Object(Closure))
#2 C:\\Users\\EKKY DEA\\modul-9\\vendor\\laravel\\framework\\src\\Illuminate\\Database\\Query\\Builder.php(2718): Illuminate\\Database\\Connection->select('select * from `...', Array, true)
#3 C:\\Users\\EKKY DEA\\modul-9\\vendor\\laravel\\framework\\src\\Illuminate\\Database\\Query\\Builder.php(2707): Illuminate\\Database\\Query\\Builder->runSelect()
#4 C:\\Users\\EKKY DEA\\modul-9\\vendor\\laravel\\framework\\src\\Illuminate\\Database\\Query\\Builder.php(3248): Illuminate\\Database\\Query\\Builder->Illuminate\\Database\\Query\\{closure}()
#5 C:\\Users\\EKKY DEA\\modul-9\\vendor\\laravel\\framework\\src\\Illuminate\\Database\\Query\\Builder.php(2706): Illuminate\\Database\\Query\\Builder->onceWithColumns(Array, Object(Closure))
#6 C:\\Users\\EKKY DEA\\modul-9\\vendor\\laravel\\framework\\src\\Illuminate\\Database\\Eloquent\\Builder.php(717): Illuminate\\Database\\Query\\Builder->get(Array)
#7 C:\\Users\\EKKY DEA\\modul-9\\vendor\\laravel\\framework\\src\\Illuminate\\Database\\Eloquent\\Builder.php(701): Illuminate\\Database\\Eloquent\\Builder->getModels(Array)
#8 C:\\Users\\EKKY DEA\\modul-9\\vendor\\laravel\\framework\\src\\Illuminate\\Database\\Eloquent\\Model.php(674): Illuminate\\Database\\Eloquent\\Builder->get(Array)
#9 C:\\Users\\EKKY DEA\\modul-9\\app\\Http\\Controllers\\EmployeeController.php(25): Illuminate\\Database\\Eloquent\\Model::all()
#10 C:\\Users\\EKKY DEA\\modul-9\\vendor\\laravel\\framework\\src\\Illuminate\\Routing\\Controller.php(54): App\\Http\\Controllers\\EmployeeController->index()
#11 C:\\Users\\EKKY DEA\\modul-9\\vendor\\laravel\\framework\\src\\Illuminate\\Routing\\ControllerDispatcher.php(43): Illuminate\\Routing\\Controller->callAction('index', Array)
#12 C:\\Users\\EKKY DEA\\modul-9\\vendor\\laravel\\framework\\src\\Illuminate\\Routing\\Route.php(259): Illuminate\\Routing\\ControllerDispatcher->dispatch(Object(Illuminate\\Routing\\Route), Object(App\\Http\\Controllers\\EmployeeController), 'index')
#13 C:\\Users\\EKKY DEA\\modul-9\\vendor\\laravel\\framework\\src\\Illuminate\\Routing\\Route.php(205): Illuminate\\Routing\\Route->runController()
#14 C:\\Users\\EKKY DEA\\modul-9\\vendor\\laravel\\framework\\src\\Illuminate\\Routing\\Router.php(798): Illuminate\\Routing\\Route->run()
#15 C:\\Users\\EKKY DEA\\modul-9\\vendor\\laravel\\framework\\src\\Illuminate\\Pipeline\\Pipeline.php(141): Illuminate\\Routing\\Router->Illuminate\\Routing\\{closure}(Object(Illuminate\\Http\\Request))
#16 C:\\Users\\EKKY DEA\\modul-9\\vendor\\laravel\\framework\\src\\Illuminate\\Routing\\Middleware\\SubstituteBindings.php(50): Illuminate\\Pipeline\\Pipeline->Illuminate\\Pipeline\\{closure}(Object(Illuminate\\Http\\Request))
#17 C:\\Users\\EKKY DEA\\modul-9\\vendor\\laravel\\framework\\src\\Illuminate\\Pipeline\\Pipeline.php(180): Illuminate\\Routing\\Middleware\\SubstituteBindings->handle(Object(Illuminate\\Http\\Request), Object(Closure))
#18 C:\\Users\\EKKY DEA\\modul-9\\vendor\\laravel\\framework\\src\\Illuminate\\Auth\\Middleware\\Authenticate.php(57): Illuminate\\Pipeline\\Pipeline->Illuminate\\Pipeline\\{closure}(Object(Illuminate\\Http\\Request))
#19 C:\\Users\\EKKY DEA\\modul-9\\vendor\\laravel\\framework\\src\\Illuminate\\Pipeline\\Pipeline.php(180): Illuminate\\Auth\\Middleware\\Authenticate->handle(Object(Illuminate\\Http\\Request), Object(Closure))
#20 C:\\Users\\EKKY DEA\\modul-9\\vendor\\laravel\\framework\\src\\Illuminate\\Foundation\\Http\\Middleware\\VerifyCsrfToken.php(78): Illuminate\\Pipeline\\Pipeline->Illuminate\\Pipeline\\{closure}(Object(Illuminate\\Http\\Request))
#21 C:\\Users\\EKKY DEA\\modul-9\\vendor\\laravel\\framework\\src\\Illuminate\\Pipeline\\Pipeline.php(180): Illuminate\\Foundation\\Http\\Middleware\\VerifyCsrfToken->handle(Object(Illuminate\\Http\\Request), Object(Closure))
#22 C:\\Users\\EKKY DEA\\modul-9\\vendor\\laravel\\framework\\src\\Illuminate\\View\\Middleware\\ShareErrorsFromSession.php(49): Illuminate\\Pipeline\\Pipeline->Illuminate\\Pipeline\\{closure}(Object(Illuminate\\Http\\Request))
#23 C:\\Users\\EKKY DEA\\modul-9\\vendor\\laravel\\framework\\src\\Illuminate\\Pipeline\\Pipeline.php(180): Illuminate\\View\\Middleware\\ShareErrorsFromSession->handle(Object(Illuminate\\Http\\Request), Object(Closure))
#24 C:\\Users\\EKKY DEA\\modul-9\\vendor\\laravel\\framework\\src\\Illuminate\\Session\\Middleware\\StartSession.php(121): Illuminate\\Pipeline\\Pipeline->Illuminate\\Pipeline\\{closure}(Object(Illuminate\\Http\\Request))
#25 C:\\Users\\EKKY DEA\\modul-9\\vendor\\laravel\\framework\\src\\Illuminate\\Session\\Middleware\\StartSession.php(64): Illuminate\\Session\\Middleware\\StartSession->handleStatefulRequest(Object(Illuminate\\Http\\Request), Object(Illuminate\\Session\\Store), Object(Closure))
#26 C:\\Users\\EKKY DEA\\modul-9\\vendor\\laravel\\framework\\src\\Illuminate\\Pipeline\\Pipeline.php(180): Illuminate\\Session\\Middleware\\StartSession->handle(Object(Illuminate\\Http\\Request), Object(Closure))
#27 C:\\Users\\EKKY DEA\\modul-9\\vendor\\laravel\\framework\\src\\Illuminate\\Cookie\\Middleware\\AddQueuedCookiesToResponse.php(37): Illuminate\\Pipeline\\Pipeline->Illuminate\\Pipeline\\{closure}(Object(Illuminate\\Http\\Request))
#28 C:\\Users\\EKKY DEA\\modul-9\\vendor\\laravel\\framework\\src\\Illuminate\\Pipeline\\Pipeline.php(180): Illuminate\\Cookie\\Middleware\\AddQueuedCookiesToResponse->handle(Object(Illuminate\\Http\\Request), Object(Closure))
#29 C:\\Users\\EKKY DEA\\modul-9\\vendor\\laravel\\framework\\src\\Illuminate\\Cookie\\Middleware\\EncryptCookies.php(67): Illuminate\\Pipeline\\Pipeline->Illuminate\\Pipeline\\{closure}(Object(Illuminate\\Http\\Request))
#30 C:\\Users\\EKKY DEA\\modul-9\\vendor\\laravel\\framework\\src\\Illuminate\\Pipeline\\Pipeline.php(180): Illuminate\\Cookie\\Middleware\\EncryptCookies->handle(Object(Illuminate\\Http\\Request), Object(Closure))
#31 C:\\Users\\EKKY DEA\\modul-9\\vendor\\laravel\\framework\\src\\Illuminate\\Pipeline\\Pipeline.php(116): Illuminate\\Pipeline\\Pipeline->Illuminate\\Pipeline\\{closure}(Object(Illuminate\\Http\\Request))
#32 C:\\Users\\EKKY DEA\\modul-9\\vendor\\laravel\\framework\\src\\Illuminate\\Routing\\Router.php(797): Illuminate\\Pipeline\\Pipeline->then(Object(Closure))
#33 C:\\Users\\EKKY DEA\\modul-9\\vendor\\laravel\\framework\\src\\Illuminate\\Routing\\Router.php(776): Illuminate\\Routing\\Router->runRouteWithinStack(Object(Illuminate\\Routing\\Route), Object(Illuminate\\Http\\Request))
#34 C:\\Users\\EKKY DEA\\modul-9\\vendor\\laravel\\framework\\src\\Illuminate\\Routing\\Router.php(740): Illuminate\\Routing\\Router->runRoute(Object(Illuminate\\Http\\Request), Object(Illuminate\\Routing\\Route))
#35 C:\\Users\\EKKY DEA\\modul-9\\vendor\\laravel\\framework\\src\\Illuminate\\Routing\\Router.php(729): Illuminate\\Routing\\Router->dispatchToRoute(Object(Illuminate\\Http\\Request))
#36 C:\\Users\\EKKY DEA\\modul-9\\vendor\\laravel\\framework\\src\\Illuminate\\Foundation\\Http\\Kernel.php(200): Illuminate\\Routing\\Router->dispatch(Object(Illuminate\\Http\\Request))
#37 C:\\Users\\EKKY DEA\\modul-9\\vendor\\laravel\\framework\\src\\Illuminate\\Pipeline\\Pipeline.php(141): Illuminate\\Foundation\\Http\\Kernel->Illuminate\\Foundation\\Http\\{closure}(Object(Illuminate\\Http\\Request))
#38 C:\\Users\\EKKY DEA\\modul-9\\vendor\\laravel\\framework\\src\\Illuminate\\Foundation\\Http\\Middleware\\TransformsRequest.php(21): Illuminate\\Pipeline\\Pipeline->Illuminate\\Pipeline\\{closure}(Object(Illuminate\\Http\\Request))
#39 C:\\Users\\EKKY DEA\\modul-9\\vendor\\laravel\\framework\\src\\Illuminate\\Foundation\\Http\\Middleware\\ConvertEmptyStringsToNull.php(31): Illuminate\\Foundation\\Http\\Middleware\\TransformsRequest->handle(Object(Illuminate\\Http\\Request), Object(Closure))
#40 C:\\Users\\EKKY DEA\\modul-9\\vendor\\laravel\\framework\\src\\Illuminate\\Pipeline\\Pipeline.php(180): Illuminate\\Foundation\\Http\\Middleware\\ConvertEmptyStringsToNull->handle(Object(Illuminate\\Http\\Request), Object(Closure))
#41 C:\\Users\\EKKY DEA\\modul-9\\vendor\\laravel\\framework\\src\\Illuminate\\Foundation\\Http\\Middleware\\TransformsRequest.php(21): Illuminate\\Pipeline\\Pipeline->Illuminate\\Pipeline\\{closure}(Object(Illuminate\\Http\\Request))
#42 C:\\Users\\EKKY DEA\\modul-9\\vendor\\laravel\\framework\\src\\Illuminate\\Foundation\\Http\\Middleware\\TrimStrings.php(40): Illuminate\\Foundation\\Http\\Middleware\\TransformsRequest->handle(Object(Illuminate\\Http\\Request), Object(Closure))
#43 C:\\Users\\EKKY DEA\\modul-9\\vendor\\laravel\\framework\\src\\Illuminate\\Pipeline\\Pipeline.php(180): Illuminate\\Foundation\\Http\\Middleware\\TrimStrings->handle(Object(Illuminate\\Http\\Request), Object(Closure))
#44 C:\\Users\\EKKY DEA\\modul-9\\vendor\\laravel\\framework\\src\\Illuminate\\Foundation\\Http\\Middleware\\ValidatePostSize.php(27): Illuminate\\Pipeline\\Pipeline->Illuminate\\Pipeline\\{closure}(Object(Illuminate\\Http\\Request))
#45 C:\\Users\\EKKY DEA\\modul-9\\vendor\\laravel\\framework\\src\\Illuminate\\Pipeline\\Pipeline.php(180): Illuminate\\Foundation\\Http\\Middleware\\ValidatePostSize->handle(Object(Illuminate\\Http\\Request), Object(Closure))
#46 C:\\Users\\EKKY DEA\\modul-9\\vendor\\laravel\\framework\\src\\Illuminate\\Foundation\\Http\\Middleware\\PreventRequestsDuringMaintenance.php(86): Illuminate\\Pipeline\\Pipeline->Illuminate\\Pipeline\\{closure}(Object(Illuminate\\Http\\Request))
#47 C:\\Users\\EKKY DEA\\modul-9\\vendor\\laravel\\framework\\src\\Illuminate\\Pipeline\\Pipeline.php(180): Illuminate\\Foundation\\Http\\Middleware\\PreventRequestsDuringMaintenance->handle(Object(Illuminate\\Http\\Request), Object(Closure))
#48 C:\\Users\\EKKY DEA\\modul-9\\vendor\\laravel\\framework\\src\\Illuminate\\Http\\Middleware\\HandleCors.php(49): Illuminate\\Pipeline\\Pipeline->Illuminate\\Pipeline\\{closure}(Object(Illuminate\\Http\\Request))
#49 C:\\Users\\EKKY DEA\\modul-9\\vendor\\laravel\\framework\\src\\Illuminate\\Pipeline\\Pipeline.php(180): Illuminate\\Http\\Middleware\\HandleCors->handle(Object(Illuminate\\Http\\Request), Object(Closure))
#50 C:\\Users\\EKKY DEA\\modul-9\\vendor\\laravel\\framework\\src\\Illuminate\\Http\\Middleware\\TrustProxies.php(39): Illuminate\\Pipeline\\Pipeline->Illuminate\\Pipeline\\{closure}(Object(Illuminate\\Http\\Request))
#51 C:\\Users\\EKKY DEA\\modul-9\\vendor\\laravel\\framework\\src\\Illuminate\\Pipeline\\Pipeline.php(180): Illuminate\\Http\\Middleware\\TrustProxies->handle(Object(Illuminate\\Http\\Request), Object(Closure))
#52 C:\\Users\\EKKY DEA\\modul-9\\vendor\\laravel\\framework\\src\\Illuminate\\Pipeline\\Pipeline.php(116): Illuminate\\Pipeline\\Pipeline->Illuminate\\Pipeline\\{closure}(Object(Illuminate\\Http\\Request))
#53 C:\\Users\\EKKY DEA\\modul-9\\vendor\\laravel\\framework\\src\\Illuminate\\Foundation\\Http\\Kernel.php(175): Illuminate\\Pipeline\\Pipeline->then(Object(Closure))
#54 C:\\Users\\EKKY DEA\\modul-9\\vendor\\laravel\\framework\\src\\Illuminate\\Foundation\\Http\\Kernel.php(144): Illuminate\\Foundation\\Http\\Kernel->sendRequestThroughRouter(Object(Illuminate\\Http\\Request))
#55 C:\\Users\\EKKY DEA\\modul-9\\public\\index.php(51): Illuminate\\Foundation\\Http\\Kernel->handle(Object(Illuminate\\Http\\Request))
#56 C:\\Users\\EKKY DEA\\modul-9\\vendor\\laravel\\framework\\src\\Illuminate\\Foundation\\resources\\server.php(16): require_once('C:\\\\Users\\\\EKKY D...')
#57 {main}

[previous exception] [object] (PDOException(code: 42S02): SQLSTATE[42S02]: Base table or view not found: 1146 Table 'laravel_auth.employees' doesn't exist at C:\\Users\\EKKY DEA\\modul-9\\vendor\\laravel\\framework\\src\\Illuminate\\Database\\Connection.php:414)
[stacktrace]
#0 C:\\Users\\EKKY DEA\\modul-9\\vendor\\laravel\\framework\\src\\Illuminate\\Database\\Connection.php(414): PDO->prepare('select * from `...')
#1 C:\\Users\\EKKY DEA\\modul-9\\vendor\\laravel\\framework\\src\\Illuminate\\Database\\Connection.php(786): Illuminate\\Database\\Connection->Illuminate\\Database\\{closure}('select * from `...', Array)
#2 C:\\Users\\EKKY DEA\\modul-9\\vendor\\laravel\\framework\\src\\Illuminate\\Database\\Connection.php(753): Illuminate\\Database\\Connection->runQueryCallback('select * from `...', Array, Object(Closure))
#3 C:\\Users\\EKKY DEA\\modul-9\\vendor\\laravel\\framework\\src\\Illuminate\\Database\\Connection.php(405): Illuminate\\Database\\Connection->run('select * from `...', Array, Object(Closure))
#4 C:\\Users\\EKKY DEA\\modul-9\\vendor\\laravel\\framework\\src\\Illuminate\\Database\\Query\\Builder.php(2718): Illuminate\\Database\\Connection->select('select * from `...', Array, true)
#5 C:\\Users\\EKKY DEA\\modul-9\\vendor\\laravel\\framework\\src\\Illuminate\\Database\\Query\\Builder.php(2707): Illuminate\\Database\\Query\\Builder->runSelect()
#6 C:\\Users\\EKKY DEA\\modul-9\\vendor\\laravel\\framework\\src\\Illuminate\\Database\\Query\\Builder.php(3248): Illuminate\\Database\\Query\\Builder->Illuminate\\Database\\Query\\{closure}()
#7 C:\\Users\\EKKY DEA\\modul-9\\vendor\\laravel\\framework\\src\\Illuminate\\Database\\Query\\Builder.php(2706): Illuminate\\Database\\Query\\Builder->onceWithColumns(Array, Object(Closure))
#8 C:\\Users\\EKKY DEA\\modul-9\\vendor\\laravel\\framework\\src\\Illuminate\\Database\\Eloquent\\Builder.php(717): Illuminate\\Database\\Query\\Builder->get(Array)
#9 C:\\Users\\EKKY DEA\\modul-9\\vendor\\laravel\\framework\\src\\Illuminate\\Database\\Eloquent\\Builder.php(701): Illuminate\\Database\\Eloquent\\Builder->getModels(Array)
#10 C:\\Users\\EKKY DEA\\modul-9\\vendor\\laravel\\framework\\src\\Illuminate\\Database\\Eloquent\\Model.php(674): Illuminate\\Database\\Eloquent\\Builder->get(Array)
#11 C:\\Users\\EKKY DEA\\modul-9\\app\\Http\\Controllers\\EmployeeController.php(25): Illuminate\\Database\\Eloquent\\Model::all()
#12 C:\\Users\\EKKY DEA\\modul-9\\vendor\\laravel\\framework\\src\\Illuminate\\Routing\\Controller.php(54): App\\Http\\Controllers\\EmployeeController->index()
#13 C:\\Users\\EKKY DEA\\modul-9\\vendor\\laravel\\framework\\src\\Illuminate\\Routing\\ControllerDispatcher.php(43): Illuminate\\Routing\\Controller->callAction('index', Array)
#14 C:\\Users\\EKKY DEA\\modul-9\\vendor\\laravel\\framework\\src\\Illuminate\\Routing\\Route.php(259): Illuminate\\Routing\\ControllerDispatcher->dispatch(Object(Illuminate\\Routing\\Route), Object(App\\Http\\Controllers\\EmployeeController), 'index')
#15 C:\\Users\\EKKY DEA\\modul-9\\vendor\\laravel\\framework\\src\\Illuminate\\Routing\\Route.php(205): Illuminate\\Routing\\Route->runController()
#16 C:\\Users\\EKKY DEA\\modul-9\\vendor\\laravel\\framework\\src\\Illuminate\\Routing\\Router.php(798): Illuminate\\Routing\\Route->run()
#17 C:\\Users\\EKKY DEA\\modul-9\\vendor\\laravel\\framework\\src\\Illuminate\\Pipeline\\Pipeline.php(141): Illuminate\\Routing\\Router->Illuminate\\Routing\\{closure}(Object(Illuminate\\Http\\Request))
#18 C:\\Users\\EKKY DEA\\modul-9\\vendor\\laravel\\framework\\src\\Illuminate\\Routing\\Middleware\\SubstituteBindings.php(50): Illuminate\\Pipeline\\Pipeline->Illuminate\\Pipeline\\{closure}(Object(Illuminate\\Http\\Request))
#19 C:\\Users\\EKKY DEA\\modul-9\\vendor\\laravel\\framework\\src\\Illuminate\\Pipeline\\Pipeline.php(180): Illuminate\\Routing\\Middleware\\SubstituteBindings->handle(Object(Illuminate\\Http\\Request), Object(Closure))
#20 C:\\Users\\EKKY DEA\\modul-9\\vendor\\laravel\\framework\\src\\Illuminate\\Auth\\Middleware\\Authenticate.php(57): Illuminate\\Pipeline\\Pipeline->Illuminate\\Pipeline\\{closure}(Object(Illuminate\\Http\\Request))
#21 C:\\Users\\EKKY DEA\\modul-9\\vendor\\laravel\\framework\\src\\Illuminate\\Pipeline\\Pipeline.php(180): Illuminate\\Auth\\Middleware\\Authenticate->handle(Object(Illuminate\\Http\\Request), Object(Closure))
#22 C:\\Users\\EKKY DEA\\modul-9\\vendor\\laravel\\framework\\src\\Illuminate\\Foundation\\Http\\Middleware\\VerifyCsrfToken.php(78): Illuminate\\Pipeline\\Pipeline->Illuminate\\Pipeline\\{closure}(Object(Illuminate\\Http\\Request))
#23 C:\\Users\\EKKY DEA\\modul-9\\vendor\\laravel\\framework\\src\\Illuminate\\Pipeline\\Pipeline.php(180): Illuminate\\Foundation\\Http\\Middleware\\VerifyCsrfToken->handle(Object(Illuminate\\Http\\Request), Object(Closure))
#24 C:\\Users\\EKKY DEA\\modul-9\\vendor\\laravel\\framework\\src\\Illuminate\\View\\Middleware\\ShareErrorsFromSession.php(49): Illuminate\\Pipeline\\Pipeline->Illuminate\\Pipeline\\{closure}(Object(Illuminate\\Http\\Request))
#25 C:\\Users\\EKKY DEA\\modul-9\\vendor\\laravel\\framework\\src\\Illuminate\\Pipeline\\Pipeline.php(180): Illuminate\\View\\Middleware\\ShareErrorsFromSession->handle(Object(Illuminate\\Http\\Request), Object(Closure))
#26 C:\\Users\\EKKY DEA\\modul-9\\vendor\\laravel\\framework\\src\\Illuminate\\Session\\Middleware\\StartSession.php(121): Illuminate\\Pipeline\\Pipeline->Illuminate\\Pipeline\\{closure}(Object(Illuminate\\Http\\Request))
#27 C:\\Users\\EKKY DEA\\modul-9\\vendor\\laravel\\framework\\src\\Illuminate\\Session\\Middleware\\StartSession.php(64): Illuminate\\Session\\Middleware\\StartSession->handleStatefulRequest(Object(Illuminate\\Http\\Request), Object(Illuminate\\Session\\Store), Object(Closure))
#28 C:\\Users\\EKKY DEA\\modul-9\\vendor\\laravel\\framework\\src\\Illuminate\\Pipeline\\Pipeline.php(180): Illuminate\\Session\\Middleware\\StartSession->handle(Object(Illuminate\\Http\\Request), Object(Closure))
#29 C:\\Users\\EKKY DEA\\modul-9\\vendor\\laravel\\framework\\src\\Illuminate\\Cookie\\Middleware\\AddQueuedCookiesToResponse.php(37): Illuminate\\Pipeline\\Pipeline->Illuminate\\Pipeline\\{closure}(Object(Illuminate\\Http\\Request))
#30 C:\\Users\\EKKY DEA\\modul-9\\vendor\\laravel\\framework\\src\\Illuminate\\Pipeline\\Pipeline.php(180): Illuminate\\Cookie\\Middleware\\AddQueuedCookiesToResponse->handle(Object(Illuminate\\Http\\Request), Object(Closure))
#31 C:\\Users\\EKKY DEA\\modul-9\\vendor\\laravel\\framework\\src\\Illuminate\\Cookie\\Middleware\\EncryptCookies.php(67): Illuminate\\Pipeline\\Pipeline->Illuminate\\Pipeline\\{closure}(Object(Illuminate\\Http\\Request))
#32 C:\\Users\\EKKY DEA\\modul-9\\vendor\\laravel\\framework\\src\\Illuminate\\Pipeline\\Pipeline.php(180): Illuminate\\Cookie\\Middleware\\EncryptCookies->handle(Object(Illuminate\\Http\\Request), Object(Closure))
#33 C:\\Users\\EKKY DEA\\modul-9\\vendor\\laravel\\framework\\src\\Illuminate\\Pipeline\\Pipeline.php(116): Illuminate\\Pipeline\\Pipeline->Illuminate\\Pipeline\\{closure}(Object(Illuminate\\Http\\Request))
#34 C:\\Users\\EKKY DEA\\modul-9\\vendor\\laravel\\framework\\src\\Illuminate\\Routing\\Router.php(797): Illuminate\\Pipeline\\Pipeline->then(Object(Closure))
#35 C:\\Users\\EKKY DEA\\modul-9\\vendor\\laravel\\framework\\src\\Illuminate\\Routing\\Router.php(776): Illuminate\\Routing\\Router->runRouteWithinStack(Object(Illuminate\\Routing\\Route), Object(Illuminate\\Http\\Request))
#36 C:\\Users\\EKKY DEA\\modul-9\\vendor\\laravel\\framework\\src\\Illuminate\\Routing\\Router.php(740): Illuminate\\Routing\\Router->runRoute(Object(Illuminate\\Http\\Request), Object(Illuminate\\Routing\\Route))
#37 C:\\Users\\EKKY DEA\\modul-9\\vendor\\laravel\\framework\\src\\Illuminate\\Routing\\Router.php(729): Illuminate\\Routing\\Router->dispatchToRoute(Object(Illuminate\\Http\\Request))
#38 C:\\Users\\EKKY DEA\\modul-9\\vendor\\laravel\\framework\\src\\Illuminate\\Foundation\\Http\\Kernel.php(200): Illuminate\\Routing\\Router->dispatch(Object(Illuminate\\Http\\Request))
#39 C:\\Users\\EKKY DEA\\modul-9\\vendor\\laravel\\framework\\src\\Illuminate\\Pipeline\\Pipeline.php(141): Illuminate\\Foundation\\Http\\Kernel->Illuminate\\Foundation\\Http\\{closure}(Object(Illuminate\\Http\\Request))
#40 C:\\Users\\EKKY DEA\\modul-9\\vendor\\laravel\\framework\\src\\Illuminate\\Foundation\\Http\\Middleware\\TransformsRequest.php(21): Illuminate\\Pipeline\\Pipeline->Illuminate\\Pipeline\\{closure}(Object(Illuminate\\Http\\Request))
#41 C:\\Users\\EKKY DEA\\modul-9\\vendor\\laravel\\framework\\src\\Illuminate\\Foundation\\Http\\Middleware\\ConvertEmptyStringsToNull.php(31): Illuminate\\Foundation\\Http\\Middleware\\TransformsRequest->handle(Object(Illuminate\\Http\\Request), Object(Closure))
#42 C:\\Users\\EKKY DEA\\modul-9\\vendor\\laravel\\framework\\src\\Illuminate\\Pipeline\\Pipeline.php(180): Illuminate\\Foundation\\Http\\Middleware\\ConvertEmptyStringsToNull->handle(Object(Illuminate\\Http\\Request), Object(Closure))
#43 C:\\Users\\EKKY DEA\\modul-9\\vendor\\laravel\\framework\\src\\Illuminate\\Foundation\\Http\\Middleware\\TransformsRequest.php(21): Illuminate\\Pipeline\\Pipeline->Illuminate\\Pipeline\\{closure}(Object(Illuminate\\Http\\Request))
#44 C:\\Users\\EKKY DEA\\modul-9\\vendor\\laravel\\framework\\src\\Illuminate\\Foundation\\Http\\Middleware\\TrimStrings.php(40): Illuminate\\Foundation\\Http\\Middleware\\TransformsRequest->handle(Object(Illuminate\\Http\\Request), Object(Closure))
#45 C:\\Users\\EKKY DEA\\modul-9\\vendor\\laravel\\framework\\src\\Illuminate\\Pipeline\\Pipeline.php(180): Illuminate\\Foundation\\Http\\Middleware\\TrimStrings->handle(Object(Illuminate\\Http\\Request), Object(Closure))
#46 C:\\Users\\EKKY DEA\\modul-9\\vendor\\laravel\\framework\\src\\Illuminate\\Foundation\\Http\\Middleware\\ValidatePostSize.php(27): Illuminate\\Pipeline\\Pipeline->Illuminate\\Pipeline\\{closure}(Object(Illuminate\\Http\\Request))
#47 C:\\Users\\EKKY DEA\\modul-9\\vendor\\laravel\\framework\\src\\Illuminate\\Pipeline\\Pipeline.php(180): Illuminate\\Foundation\\Http\\Middleware\\ValidatePostSize->handle(Object(Illuminate\\Http\\Request), Object(Closure))
#48 C:\\Users\\EKKY DEA\\modul-9\\vendor\\laravel\\framework\\src\\Illuminate\\Foundation\\Http\\Middleware\\PreventRequestsDuringMaintenance.php(86): Illuminate\\Pipeline\\Pipeline->Illuminate\\Pipeline\\{closure}(Object(Illuminate\\Http\\Request))
#49 C:\\Users\\EKKY DEA\\modul-9\\vendor\\laravel\\framework\\src\\Illuminate\\Pipeline\\Pipeline.php(180): Illuminate\\Foundation\\Http\\Middleware\\PreventRequestsDuringMaintenance->handle(Object(Illuminate\\Http\\Request), Object(Closure))
#50 C:\\Users\\EKKY DEA\\modul-9\\vendor\\laravel\\framework\\src\\Illuminate\\Http\\Middleware\\HandleCors.php(49): Illuminate\\Pipeline\\Pipeline->Illuminate\\Pipeline\\{closure}(Object(Illuminate\\Http\\Request))
#51 C:\\Users\\EKKY DEA\\modul-9\\vendor\\laravel\\framework\\src\\Illuminate\\Pipeline\\Pipeline.php(180): Illuminate\\Http\\Middleware\\HandleCors->handle(Object(Illuminate\\Http\\Request), Object(Closure))
#52 C:\\Users\\EKKY DEA\\modul-9\\vendor\\laravel\\framework\\src\\Illuminate\\Http\\Middleware\\TrustProxies.php(39): Illuminate\\Pipeline\\Pipeline->Illuminate\\Pipeline\\{closure}(Object(Illuminate\\Http\\Request))
#53 C:\\Users\\EKKY DEA\\modul-9\\vendor\\laravel\\framework\\src\\Illuminate\\Pipeline\\Pipeline.php(180): Illuminate\\Http\\Middleware\\TrustProxies->handle(Object(Illuminate\\Http\\Request), Object(Closure))
#54 C:\\Users\\EKKY DEA\\modul-9\\vendor\\laravel\\framework\\src\\Illuminate\\Pipeline\\Pipeline.php(116): Illuminate\\Pipeline\\Pipeline->Illuminate\\Pipeline\\{closure}(Object(Illuminate\\Http\\Request))
#55 C:\\Users\\EKKY DEA\\modul-9\\vendor\\laravel\\framework\\src\\Illuminate\\Foundation\\Http\\Kernel.php(175): Illuminate\\Pipeline\\Pipeline->then(Object(Closure))
#56 C:\\Users\\EKKY DEA\\modul-9\\vendor\\laravel\\framework\\src\\Illuminate\\Foundation\\Http\\Kernel.php(144): Illuminate\\Foundation\\Http\\Kernel->sendRequestThroughRouter(Object(Illuminate\\Http\\Request))
#57 C:\\Users\\EKKY DEA\\modul-9\\public\\index.php(51): Illuminate\\Foundation\\Http\\Kernel->handle(Object(Illuminate\\Http\\Request))
#58 C:\\Users\\EKKY DEA\\modul-9\\vendor\\laravel\\framework\\src\\Illuminate\\Foundation\\resources\\server.php(16): require_once('C:\\\\Users\\\\EKKY D...')
#59 {main}
"} 
